<?xml version="1.0" encoding="UTF-8"?>
<robot generator="Robot 7.4.2 (Python 3.14.3 on darwin)" generated="2026-04-24T01:04:56.080530" rpa="false" schemaversion="5">
<suite id="s1" name="M1.2 Account Creation" source="/Users/jocelynjavier/Higala/Mobile App/Modules/AccountCreation/M1.2_Account_Creation.robot">
<kw name="Setup Screenshot On Failure" owner="common" type="SETUP">
<kw name="Register Keyword To Run On Failure" owner="AppiumLibrary">
<msg time="2026-04-24T01:04:56.321353" level="INFO">Capture Screenshot On Failure will be run on failure.</msg>
<arg>Capture Screenshot On Failure</arg>
<doc>Sets the keyword to be executed when an AppiumLibrary keyword fails.</doc>
<status status="PASS" start="2026-04-24T01:04:56.318908" elapsed="0.002486"/>
</kw>
<status status="PASS" start="2026-04-24T01:04:56.318505" elapsed="0.002937"/>
</kw>
<test id="s1-t1" name="TC_M1.2_001 - Verify Sign Up Page UI Elements" line="21">
<kw name="Open Higala App For Signup" owner="common" type="SETUP">
<kw name="Run Keyword And Ignore Error" owner="BuiltIn">
<kw name="Close Application" owner="AppiumLibrary">
<kw name="Capture Screenshot On Failure" owner="common">
<kw name="Run Keyword And Return Status" owner="BuiltIn">
<kw name="Capture Page Screenshot" owner="AppiumLibrary">
<msg time="2026-04-24T01:04:56.322519" level="FAIL">No application is open</msg>
<doc>Takes a screenshot of the current page and embeds it into the log.</doc>
<status status="FAIL" start="2026-04-24T01:04:56.322421" elapsed="0.004568">No application is open</status>
</kw>
<msg time="2026-04-24T01:04:56.327076" level="INFO">${status} = False</msg>
<var>${status}</var>
<arg>Capture Page Screenshot</arg>
<doc>Runs the specified keyword and returns the status as a Boolean value.</doc>
<status status="PASS" start="2026-04-24T01:04:56.322291" elapsed="0.004802"/>
</kw>
<kw name="Run Keyword If" owner="BuiltIn">
<kw name="Log" owner="BuiltIn">
<msg time="2026-04-24T01:04:56.327849" level="WARN">Could not capture screenshot — no active Appium session</msg>
<arg>Could not capture screenshot — no active Appium session</arg>
<arg>WARN</arg>
<doc>Logs the given message with the given level.</doc>
<status status="PASS" start="2026-04-24T01:04:56.327409" elapsed="0.000516"/>
</kw>
<arg>not ${status}</arg>
<arg>Log</arg>
<arg>Could not capture screenshot — no active Appium session</arg>
<arg>WARN</arg>
<doc>Runs the given keyword with the given arguments, if ``condition`` is true.</doc>
<status status="PASS" start="2026-04-24T01:04:56.327172" elapsed="0.000783"/>
</kw>
<status status="PASS" start="2026-04-24T01:04:56.322185" elapsed="0.005803"/>
</kw>
<msg time="2026-04-24T01:04:56.328032" level="FAIL">No application is open</msg>
<doc>Closes the current application and the webdriver session.</doc>
<status status="FAIL" start="2026-04-24T01:04:56.322087" elapsed="0.006260">No application is open</status>
</kw>
<arg>Close Application</arg>
<doc>Runs the given keyword with the given arguments and ignores possible error.</doc>
<status status="PASS" start="2026-04-24T01:04:56.321902" elapsed="0.006476"/>
</kw>
<kw name="Sleep" owner="BuiltIn">
<msg time="2026-04-24T01:04:58.329284" level="INFO">Slept 2 seconds.</msg>
<arg>2s</arg>
<doc>Pauses the test executed for the given time.</doc>
<status status="PASS" start="2026-04-24T01:04:56.328429" elapsed="2.001183"/>
</kw>
<kw name="Open Application" owner="AppiumLibrary">
<arg>${APPIUM_SERVER}</arg>
<arg>platformName=${PLATFORM}</arg>
<arg>deviceName=${DEVICE_NAME}</arg>
<arg>appPackage=${APP_PACKAGE}</arg>
<arg>appActivity=${APP_ACTIVITY}</arg>
<arg>automationName=UiAutomator2</arg>
<arg>noReset=${True}</arg>
<arg>skipDeviceInitialization=${True}</arg>
<arg>ignoreHiddenApiPolicyError=${True}</arg>
<arg>enforceXPath1=${True}</arg>
<arg>adbExecTimeout=120000</arg>
<arg>uiautomator2ServerLaunchTimeout=120000</arg>
<arg>uiautomator2ServerInstallTimeout=120000</arg>
<arg>newCommandTimeout=300</arg>
<doc>Opens a new application to the given Appium server.
Capabilities of appium server, Android and iOS,
Please check https://appium.io/docs/en/2.19/guides/caps/
| *Option*            | *Man.* | *Description*     |
| remote_url          | Yes    | Appium server url |
| alias               | No     | alias             |</doc>
<status status="PASS" start="2026-04-24T01:04:58.330050" elapsed="11.183032"/>
</kw>
<kw name="Sleep" owner="BuiltIn">
<msg time="2026-04-24T01:05:12.516640" level="INFO">Slept 3 seconds.</msg>
<arg>3s</arg>
<doc>Pauses the test executed for the given time.</doc>
<status status="PASS" start="2026-04-24T01:05:09.513733" elapsed="3.003240"/>
</kw>
<kw name="Navigate To Welcome Screen" owner="common">
<kw name="Run" owner="OperatingSystem">
<msg time="2026-04-24T01:05:12.524566" level="INFO">Running command 'adb -s emulator-5554 shell am force-stop com.higala.ruralbanksanantonioitg 2&gt;&amp;1'.</msg>
<arg>adb -s ${DEVICE_NAME} shell am force-stop ${APP_PACKAGE}</arg>
<doc>_This keyword is considered deprecated. Use the
[http://robotframework.org/robotframework/latest/libraries/Process.html|
Process] library instead._</doc>
<status status="PASS" start="2026-04-24T01:05:12.517968" elapsed="0.266118"/>
</kw>
<kw name="Sleep" owner="BuiltIn">
<msg time="2026-04-24T01:05:14.789766" level="INFO">Slept 2 seconds.</msg>
<arg>2s</arg>
<doc>Pauses the test executed for the given time.</doc>
<status status="PASS" start="2026-04-24T01:05:12.785935" elapsed="2.006624"/>
</kw>
<kw name="Activate Application" owner="AppiumLibrary">
<arg>${APP_PACKAGE}</arg>
<doc>Activates the application if it is not running or is running in the background.</doc>
<status status="PASS" start="2026-04-24T01:05:14.794456" elapsed="0.192127"/>
</kw>
<kw name="Sleep" owner="BuiltIn">
<msg time="2026-04-24T01:05:22.990605" level="INFO">Slept 8 seconds.</msg>
<arg>8s</arg>
<doc>Pauses the test executed for the given time.</doc>
<status status="PASS" start="2026-04-24T01:05:14.986815" elapsed="8.006568"/>
</kw>
<kw name="Wait Until Element Is Visible" owner="AppiumLibrary">
<msg time="2026-04-24T01:05:23.319986" level="INFO">xpath criteria: //*[@content-desc='Sign in']</msg>
<arg>xpath=//*[@content-desc='Sign in']</arg>
<arg>timeout=30s</arg>
<doc>Waits until the element specified by the ``locator`` is visible.</doc>
<status status="PASS" start="2026-04-24T01:05:22.996187" elapsed="0.323972"/>
</kw>
<status status="PASS" start="2026-04-24T01:05:12.517477" elapsed="10.802821"/>
</kw>
<status status="PASS" start="2026-04-24T01:04:56.321776" elapsed="26.998573"/>
</kw>
<kw name="Skip" owner="BuiltIn">
<msg time="2026-04-24T01:05:23.321317" level="SKIP">Manual test — UI comparison requires human judgment against Figma mockup</msg>
<arg>Manual test — UI comparison requires human judgment against Figma mockup</arg>
<doc>Skips the rest of the current test.</doc>
<status status="SKIP" start="2026-04-24T01:05:23.320515" elapsed="0.000949">Manual test — UI comparison requires human judgment against Figma mockup</status>
</kw>
<kw name="Close Higala App" owner="common" type="TEARDOWN">
<kw name="Close Application" owner="AppiumLibrary">
<doc>Closes the current application and the webdriver session.</doc>
<status status="PASS" start="2026-04-24T01:05:23.322071" elapsed="0.521592"/>
</kw>
<status status="PASS" start="2026-04-24T01:05:23.321814" elapsed="0.522076"/>
</kw>
<doc>Verify that all UI elements on the Sign Up page match the Figma mockup.

Pre-conditions: Mobile app is launched.
Manual Test: UI visual verification requires human comparison against Figma designs.</doc>
<tag>AccountCreation</tag>
<tag>M1.2</tag>
<tag>M1.2.1</tag>
<tag>Manual</tag>
<tag>Positive</tag>
<tag>Skipped</tag>
<status status="SKIP" start="2026-04-24T01:04:56.321483" elapsed="27.522484">Manual test — UI comparison requires human judgment against Figma mockup</status>
</test>
<test id="s1-t2" name="TC_M1.2_011 - Verify User Can Login With Temporary Password And Reset It" line="364">
<kw name="Open Higala App For Signup" owner="common" type="SETUP">
<kw name="Run Keyword And Ignore Error" owner="BuiltIn">
<kw name="Close Application" owner="AppiumLibrary">
<kw name="Capture Screenshot On Failure" owner="common">
<kw name="Run Keyword And Return Status" owner="BuiltIn">
<kw name="Capture Page Screenshot" owner="AppiumLibrary">
<msg time="2026-04-24T01:05:23.846838" level="FAIL">No application is open</msg>
<doc>Takes a screenshot of the current page and embeds it into the log.</doc>
<status status="FAIL" start="2026-04-24T01:05:23.846705" elapsed="0.001016">No application is open</status>
</kw>
<msg time="2026-04-24T01:05:23.847798" level="INFO">${status} = False</msg>
<var>${status}</var>
<arg>Capture Page Screenshot</arg>
<doc>Runs the specified keyword and returns the status as a Boolean value.</doc>
<status status="PASS" start="2026-04-24T01:05:23.845930" elapsed="0.001883"/>
</kw>
<kw name="Run Keyword If" owner="BuiltIn">
<kw name="Log" owner="BuiltIn">
<msg time="2026-04-24T01:05:23.848313" level="WARN">Could not capture screenshot — no active Appium session</msg>
<arg>Could not capture screenshot — no active Appium session</arg>
<arg>WARN</arg>
<doc>Logs the given message with the given level.</doc>
<status status="PASS" start="2026-04-24T01:05:23.848145" elapsed="0.000526"/>
</kw>
<arg>not ${status}</arg>
<arg>Log</arg>
<arg>Could not capture screenshot — no active Appium session</arg>
<arg>WARN</arg>
<doc>Runs the given keyword with the given arguments, if ``condition`` is true.</doc>
<status status="PASS" start="2026-04-24T01:05:23.847886" elapsed="0.000816"/>
</kw>
<status status="PASS" start="2026-04-24T01:05:23.845752" elapsed="0.002982"/>
</kw>
<msg time="2026-04-24T01:05:23.848772" level="FAIL">No application is open</msg>
<doc>Closes the current application and the webdriver session.</doc>
<status status="FAIL" start="2026-04-24T01:05:23.845604" elapsed="0.003525">No application is open</status>
</kw>
<arg>Close Application</arg>
<doc>Runs the given keyword with the given arguments and ignores possible error.</doc>
<status status="PASS" start="2026-04-24T01:05:23.845345" elapsed="0.003815"/>
</kw>
<kw name="Sleep" owner="BuiltIn">
<msg time="2026-04-24T01:05:25.849659" level="INFO">Slept 2 seconds.</msg>
<arg>2s</arg>
<doc>Pauses the test executed for the given time.</doc>
<status status="PASS" start="2026-04-24T01:05:23.849237" elapsed="2.000591"/>
</kw>
<kw name="Open Application" owner="AppiumLibrary">
<arg>${APPIUM_SERVER}</arg>
<arg>platformName=${PLATFORM}</arg>
<arg>deviceName=${DEVICE_NAME}</arg>
<arg>appPackage=${APP_PACKAGE}</arg>
<arg>appActivity=${APP_ACTIVITY}</arg>
<arg>automationName=UiAutomator2</arg>
<arg>noReset=${True}</arg>
<arg>skipDeviceInitialization=${True}</arg>
<arg>ignoreHiddenApiPolicyError=${True}</arg>
<arg>enforceXPath1=${True}</arg>
<arg>adbExecTimeout=120000</arg>
<arg>uiautomator2ServerLaunchTimeout=120000</arg>
<arg>uiautomator2ServerInstallTimeout=120000</arg>
<arg>newCommandTimeout=300</arg>
<doc>Opens a new application to the given Appium server.
Capabilities of appium server, Android and iOS,
Please check https://appium.io/docs/en/2.19/guides/caps/
| *Option*            | *Man.* | *Description*     |
| remote_url          | Yes    | Appium server url |
| alias               | No     | alias             |</doc>
<status status="PASS" start="2026-04-24T01:05:25.850097" elapsed="4.626085"/>
</kw>
<kw name="Sleep" owner="BuiltIn">
<msg time="2026-04-24T01:05:33.488215" level="INFO">Slept 3 seconds.</msg>
<arg>3s</arg>
<doc>Pauses the test executed for the given time.</doc>
<status status="PASS" start="2026-04-24T01:05:30.480724" elapsed="3.009889"/>
</kw>
<kw name="Navigate To Welcome Screen" owner="common">
<kw name="Run" owner="OperatingSystem">
<msg time="2026-04-24T01:05:33.502585" level="INFO">Running command 'adb -s emulator-5554 shell am force-stop com.higala.ruralbanksanantonioitg 2&gt;&amp;1'.</msg>
<arg>adb -s ${DEVICE_NAME} shell am force-stop ${APP_PACKAGE}</arg>
<doc>_This keyword is considered deprecated. Use the
[http://robotframework.org/robotframework/latest/libraries/Process.html|
Process] library instead._</doc>
<status status="PASS" start="2026-04-24T01:05:33.494681" elapsed="0.182930"/>
</kw>
<kw name="Sleep" owner="BuiltIn">
<msg time="2026-04-24T01:05:35.681185" level="INFO">Slept 2 seconds.</msg>
<arg>2s</arg>
<doc>Pauses the test executed for the given time.</doc>
<status status="PASS" start="2026-04-24T01:05:33.678238" elapsed="2.006721"/>
</kw>
<kw name="Activate Application" owner="AppiumLibrary">
<arg>${APP_PACKAGE}</arg>
<doc>Activates the application if it is not running or is running in the background.</doc>
<status status="PASS" start="2026-04-24T01:05:35.689160" elapsed="0.272891"/>
</kw>
<kw name="Sleep" owner="BuiltIn">
<msg time="2026-04-24T01:05:43.965959" level="INFO">Slept 8 seconds.</msg>
<arg>8s</arg>
<doc>Pauses the test executed for the given time.</doc>
<status status="PASS" start="2026-04-24T01:05:35.962499" elapsed="8.004842"/>
</kw>
<kw name="Wait Until Element Is Visible" owner="AppiumLibrary">
<msg time="2026-04-24T01:05:44.291924" level="INFO">xpath criteria: //*[@content-desc='Sign in']</msg>
<arg>xpath=//*[@content-desc='Sign in']</arg>
<arg>timeout=30s</arg>
<doc>Waits until the element specified by the ``locator`` is visible.</doc>
<status status="PASS" start="2026-04-24T01:05:43.968845" elapsed="0.323205"/>
</kw>
<status status="PASS" start="2026-04-24T01:05:33.493176" elapsed="10.799076"/>
</kw>
<status status="PASS" start="2026-04-24T01:05:23.845146" elapsed="20.447190"/>
</kw>
<kw name="Skip" owner="BuiltIn">
<msg time="2026-04-24T01:05:44.293586" level="SKIP">Requires freshly created account with temporary password — manual test run needed</msg>
<arg>Requires freshly created account with temporary password — manual test run needed</arg>
<doc>Skips the rest of the current test.</doc>
<status status="SKIP" start="2026-04-24T01:05:44.292654" elapsed="0.001221">Requires freshly created account with temporary password — manual test run needed</status>
</kw>
<kw name="Close Higala App" owner="common" type="TEARDOWN">
<kw name="Close Application" owner="AppiumLibrary">
<doc>Closes the current application and the webdriver session.</doc>
<status status="PASS" start="2026-04-24T01:05:44.294711" elapsed="0.565155"/>
</kw>
<status status="PASS" start="2026-04-24T01:05:44.294392" elapsed="0.566058"/>
</kw>
<doc>Verify user can login with the temporary password received via email,
set a new permanent password, verify OTP, and login with the new password.

Pre-conditions: Account created; temporary password received via email.</doc>
<tag>AccountCreation</tag>
<tag>M1.2</tag>
<tag>M1.2.11</tag>
<tag>Manual</tag>
<tag>Positive</tag>
<tag>Skipped</tag>
<status status="SKIP" start="2026-04-24T01:05:23.844717" elapsed="21.015848">Requires freshly created account with temporary password — manual test run needed</status>
</test>
<test id="s1-t3" name="TC_M1.2_012 - Verify Successful Login And Access To Digital Bank Account After Password Update" line="376">
<kw name="Open Higala App For Signup" owner="common" type="SETUP">
<kw name="Run Keyword And Ignore Error" owner="BuiltIn">
<kw name="Close Application" owner="AppiumLibrary">
<kw name="Capture Screenshot On Failure" owner="common">
<kw name="Run Keyword And Return Status" owner="BuiltIn">
<kw name="Capture Page Screenshot" owner="AppiumLibrary">
<msg time="2026-04-24T01:05:44.871634" level="FAIL">No application is open</msg>
<doc>Takes a screenshot of the current page and embeds it into the log.</doc>
<status status="FAIL" start="2026-04-24T01:05:44.871322" elapsed="0.001748">No application is open</status>
</kw>
<msg time="2026-04-24T01:05:44.873194" level="INFO">${status} = False</msg>
<var>${status}</var>
<arg>Capture Page Screenshot</arg>
<doc>Runs the specified keyword and returns the status as a Boolean value.</doc>
<status status="PASS" start="2026-04-24T01:05:44.870941" elapsed="0.002271"/>
</kw>
<kw name="Run Keyword If" owner="BuiltIn">
<kw name="Log" owner="BuiltIn">
<msg time="2026-04-24T01:05:44.873885" level="WARN">Could not capture screenshot — no active Appium session</msg>
<arg>Could not capture screenshot — no active Appium session</arg>
<arg>WARN</arg>
<doc>Logs the given message with the given level.</doc>
<status status="PASS" start="2026-04-24T01:05:44.873645" elapsed="0.000360"/>
</kw>
<arg>not ${status}</arg>
<arg>Log</arg>
<arg>Could not capture screenshot — no active Appium session</arg>
<arg>WARN</arg>
<doc>Runs the given keyword with the given arguments, if ``condition`` is true.</doc>
<status status="PASS" start="2026-04-24T01:05:44.873328" elapsed="0.000769"/>
</kw>
<status status="PASS" start="2026-04-24T01:05:44.870607" elapsed="0.003527"/>
</kw>
<msg time="2026-04-24T01:05:44.874183" level="FAIL">No application is open</msg>
<doc>Closes the current application and the webdriver session.</doc>
<status status="FAIL" start="2026-04-24T01:05:44.870131" elapsed="0.004426">No application is open</status>
</kw>
<arg>Close Application</arg>
<doc>Runs the given keyword with the given arguments and ignores possible error.</doc>
<status status="PASS" start="2026-04-24T01:05:44.869151" elapsed="0.005438"/>
</kw>
<kw name="Sleep" owner="BuiltIn">
<msg time="2026-04-24T01:05:46.876542" level="INFO">Slept 2 seconds.</msg>
<arg>2s</arg>
<doc>Pauses the test executed for the given time.</doc>
<status status="PASS" start="2026-04-24T01:05:44.874660" elapsed="2.003317"/>
</kw>
<kw name="Open Application" owner="AppiumLibrary">
<arg>${APPIUM_SERVER}</arg>
<arg>platformName=${PLATFORM}</arg>
<arg>deviceName=${DEVICE_NAME}</arg>
<arg>appPackage=${APP_PACKAGE}</arg>
<arg>appActivity=${APP_ACTIVITY}</arg>
<arg>automationName=UiAutomator2</arg>
<arg>noReset=${True}</arg>
<arg>skipDeviceInitialization=${True}</arg>
<arg>ignoreHiddenApiPolicyError=${True}</arg>
<arg>enforceXPath1=${True}</arg>
<arg>adbExecTimeout=120000</arg>
<arg>uiautomator2ServerLaunchTimeout=120000</arg>
<arg>uiautomator2ServerInstallTimeout=120000</arg>
<arg>newCommandTimeout=300</arg>
<doc>Opens a new application to the given Appium server.
Capabilities of appium server, Android and iOS,
Please check https://appium.io/docs/en/2.19/guides/caps/
| *Option*            | *Man.* | *Description*     |
| remote_url          | Yes    | Appium server url |
| alias               | No     | alias             |</doc>
<status status="PASS" start="2026-04-24T01:05:46.879525" elapsed="4.592683"/>
</kw>
<kw name="Sleep" owner="BuiltIn">
<msg time="2026-04-24T01:05:54.480248" level="INFO">Slept 3 seconds.</msg>
<arg>3s</arg>
<doc>Pauses the test executed for the given time.</doc>
<status status="PASS" start="2026-04-24T01:05:51.472969" elapsed="3.011016"/>
</kw>
<kw name="Navigate To Welcome Screen" owner="common">
<kw name="Run" owner="OperatingSystem">
<msg time="2026-04-24T01:05:54.506702" level="INFO">Running command 'adb -s emulator-5554 shell am force-stop com.higala.ruralbanksanantonioitg 2&gt;&amp;1'.</msg>
<arg>adb -s ${DEVICE_NAME} shell am force-stop ${APP_PACKAGE}</arg>
<doc>_This keyword is considered deprecated. Use the
[http://robotframework.org/robotframework/latest/libraries/Process.html|
Process] library instead._</doc>
<status status="PASS" start="2026-04-24T01:05:54.495146" elapsed="0.312534"/>
</kw>
<kw name="Sleep" owner="BuiltIn">
<msg time="2026-04-24T01:05:56.813187" level="INFO">Slept 2 seconds.</msg>
<arg>2s</arg>
<doc>Pauses the test executed for the given time.</doc>
<status status="PASS" start="2026-04-24T01:05:54.808163" elapsed="2.010996"/>
</kw>
<kw name="Activate Application" owner="AppiumLibrary">
<arg>${APP_PACKAGE}</arg>
<doc>Activates the application if it is not running or is running in the background.</doc>
<status status="PASS" start="2026-04-24T01:05:56.825441" elapsed="0.287208"/>
</kw>
<kw name="Sleep" owner="BuiltIn">
<msg time="2026-04-24T01:06:05.116332" level="INFO">Slept 8 seconds.</msg>
<arg>8s</arg>
<doc>Pauses the test executed for the given time.</doc>
<status status="PASS" start="2026-04-24T01:05:57.112806" elapsed="8.010818"/>
</kw>
<kw name="Wait Until Element Is Visible" owner="AppiumLibrary">
<msg time="2026-04-24T01:06:05.446652" level="INFO">xpath criteria: //*[@content-desc='Sign in']</msg>
<arg>xpath=//*[@content-desc='Sign in']</arg>
<arg>timeout=30s</arg>
<doc>Waits until the element specified by the ``locator`` is visible.</doc>
<status status="PASS" start="2026-04-24T01:06:05.124674" elapsed="0.322050"/>
</kw>
<status status="PASS" start="2026-04-24T01:05:54.489169" elapsed="10.957665"/>
</kw>
<status status="PASS" start="2026-04-24T01:05:44.868236" elapsed="20.578642"/>
</kw>
<kw name="Skip" owner="BuiltIn">
<msg time="2026-04-24T01:06:05.447940" level="SKIP">Requires freshly created account with updated password — manual test run needed</msg>
<arg>Requires freshly created account with updated password — manual test run needed</arg>
<doc>Skips the rest of the current test.</doc>
<status status="SKIP" start="2026-04-24T01:06:05.447020" elapsed="0.001096">Requires freshly created account with updated password — manual test run needed</status>
</kw>
<kw name="Close Higala App" owner="common" type="TEARDOWN">
<kw name="Close Application" owner="AppiumLibrary">
<doc>Closes the current application and the webdriver session.</doc>
<status status="PASS" start="2026-04-24T01:06:05.448870" elapsed="0.463198"/>
</kw>
<status status="PASS" start="2026-04-24T01:06:05.448596" elapsed="0.463532"/>
</kw>
<doc>Verify user can login with new permanent credentials and land on the Home page.

Pre-conditions: User has successfully updated their password after account creation.</doc>
<tag>AccountCreation</tag>
<tag>M1.2</tag>
<tag>M1.2.12</tag>
<tag>Manual</tag>
<tag>Positive</tag>
<tag>Skipped</tag>
<status status="SKIP" start="2026-04-24T01:05:44.863596" elapsed="21.048552">Requires freshly created account with updated password — manual test run needed</status>
</test>
<test id="s1-t4" name="TC_M1.2_014 - Verify System Allows Email Reuse Under A Different Rural Bank" line="387">
<kw name="Open Higala App For Signup" owner="common" type="SETUP">
<kw name="Run Keyword And Ignore Error" owner="BuiltIn">
<kw name="Close Application" owner="AppiumLibrary">
<kw name="Capture Screenshot On Failure" owner="common">
<kw name="Run Keyword And Return Status" owner="BuiltIn">
<kw name="Capture Page Screenshot" owner="AppiumLibrary">
<msg time="2026-04-24T01:06:05.914211" level="FAIL">No application is open</msg>
<doc>Takes a screenshot of the current page and embeds it into the log.</doc>
<status status="FAIL" start="2026-04-24T01:06:05.914112" elapsed="0.003556">No application is open</status>
</kw>
<msg time="2026-04-24T01:06:05.917753" level="INFO">${status} = False</msg>
<var>${status}</var>
<arg>Capture Page Screenshot</arg>
<doc>Runs the specified keyword and returns the status as a Boolean value.</doc>
<status status="PASS" start="2026-04-24T01:06:05.913978" elapsed="0.003790"/>
</kw>
<kw name="Run Keyword If" owner="BuiltIn">
<kw name="Log" owner="BuiltIn">
<msg time="2026-04-24T01:06:05.919340" level="WARN">Could not capture screenshot — no active Appium session</msg>
<arg>Could not capture screenshot — no active Appium session</arg>
<arg>WARN</arg>
<doc>Logs the given message with the given level.</doc>
<status status="PASS" start="2026-04-24T01:06:05.918833" elapsed="0.000585"/>
</kw>
<arg>not ${status}</arg>
<arg>Log</arg>
<arg>Could not capture screenshot — no active Appium session</arg>
<arg>WARN</arg>
<doc>Runs the given keyword with the given arguments, if ``condition`` is true.</doc>
<status status="PASS" start="2026-04-24T01:06:05.917841" elapsed="0.001615"/>
</kw>
<status status="PASS" start="2026-04-24T01:06:05.913863" elapsed="0.005624"/>
</kw>
<msg time="2026-04-24T01:06:05.919522" level="FAIL">No application is open</msg>
<doc>Closes the current application and the webdriver session.</doc>
<status status="FAIL" start="2026-04-24T01:06:05.913742" elapsed="0.006099">No application is open</status>
</kw>
<arg>Close Application</arg>
<doc>Runs the given keyword with the given arguments and ignores possible error.</doc>
<status status="PASS" start="2026-04-24T01:06:05.913509" elapsed="0.006366"/>
</kw>
<kw name="Sleep" owner="BuiltIn">
<msg time="2026-04-24T01:06:07.921870" level="INFO">Slept 2 seconds.</msg>
<arg>2s</arg>
<doc>Pauses the test executed for the given time.</doc>
<status status="PASS" start="2026-04-24T01:06:05.919924" elapsed="2.004427"/>
</kw>
<kw name="Open Application" owner="AppiumLibrary">
<arg>${APPIUM_SERVER}</arg>
<arg>platformName=${PLATFORM}</arg>
<arg>deviceName=${DEVICE_NAME}</arg>
<arg>appPackage=${APP_PACKAGE}</arg>
<arg>appActivity=${APP_ACTIVITY}</arg>
<arg>automationName=UiAutomator2</arg>
<arg>noReset=${True}</arg>
<arg>skipDeviceInitialization=${True}</arg>
<arg>ignoreHiddenApiPolicyError=${True}</arg>
<arg>enforceXPath1=${True}</arg>
<arg>adbExecTimeout=120000</arg>
<arg>uiautomator2ServerLaunchTimeout=120000</arg>
<arg>uiautomator2ServerInstallTimeout=120000</arg>
<arg>newCommandTimeout=300</arg>
<doc>Opens a new application to the given Appium server.
Capabilities of appium server, Android and iOS,
Please check https://appium.io/docs/en/2.19/guides/caps/
| *Option*            | *Man.* | *Description*     |
| remote_url          | Yes    | Appium server url |
| alias               | No     | alias             |</doc>
<status status="PASS" start="2026-04-24T01:06:07.934999" elapsed="4.305592"/>
</kw>
<kw name="Sleep" owner="BuiltIn">
<msg time="2026-04-24T01:06:15.243224" level="INFO">Slept 3 seconds.</msg>
<arg>3s</arg>
<doc>Pauses the test executed for the given time.</doc>
<status status="PASS" start="2026-04-24T01:06:12.241208" elapsed="3.002220"/>
</kw>
<kw name="Navigate To Welcome Screen" owner="common">
<kw name="Run" owner="OperatingSystem">
<msg time="2026-04-24T01:06:15.250705" level="INFO">Running command 'adb -s emulator-5554 shell am force-stop com.higala.ruralbanksanantonioitg 2&gt;&amp;1'.</msg>
<arg>adb -s ${DEVICE_NAME} shell am force-stop ${APP_PACKAGE}</arg>
<doc>_This keyword is considered deprecated. Use the
[http://robotframework.org/robotframework/latest/libraries/Process.html|
Process] library instead._</doc>
<status status="PASS" start="2026-04-24T01:06:15.244931" elapsed="0.323072"/>
</kw>
<kw name="Sleep" owner="BuiltIn">
<msg time="2026-04-24T01:06:17.574207" level="INFO">Slept 2 seconds.</msg>
<arg>2s</arg>
<doc>Pauses the test executed for the given time.</doc>
<status status="PASS" start="2026-04-24T01:06:15.570196" elapsed="2.005050"/>
</kw>
<kw name="Activate Application" owner="AppiumLibrary">
<arg>${APP_PACKAGE}</arg>
<doc>Activates the application if it is not running or is running in the background.</doc>
<status status="PASS" start="2026-04-24T01:06:17.576727" elapsed="0.198741"/>
</kw>
<kw name="Sleep" owner="BuiltIn">
<msg time="2026-04-24T01:06:25.779398" level="INFO">Slept 8 seconds.</msg>
<arg>8s</arg>
<doc>Pauses the test executed for the given time.</doc>
<status status="PASS" start="2026-04-24T01:06:17.775822" elapsed="8.005203"/>
</kw>
<kw name="Wait Until Element Is Visible" owner="AppiumLibrary">
<msg time="2026-04-24T01:06:26.091897" level="INFO">xpath criteria: //*[@content-desc='Sign in']</msg>
<arg>xpath=//*[@content-desc='Sign in']</arg>
<arg>timeout=30s</arg>
<doc>Waits until the element specified by the ``locator`` is visible.</doc>
<status status="PASS" start="2026-04-24T01:06:25.784310" elapsed="0.307649"/>
</kw>
<status status="PASS" start="2026-04-24T01:06:15.244285" elapsed="10.847803"/>
</kw>
<status status="PASS" start="2026-04-24T01:06:05.913333" elapsed="20.178794"/>
</kw>
<kw name="Skip" owner="BuiltIn">
<msg time="2026-04-24T01:06:26.095386" level="SKIP">Requires multi-bank environment configuration — cannot be automated in single-bank test env</msg>
<arg>Requires multi-bank environment configuration — cannot be automated in single-bank test env</arg>
<doc>Skips the rest of the current test.</doc>
<status status="SKIP" start="2026-04-24T01:06:26.093395" elapsed="0.004316">Requires multi-bank environment configuration — cannot be automated in single-bank test env</status>
</kw>
<kw name="Close Higala App" owner="common" type="TEARDOWN">
<kw name="Close Application" owner="AppiumLibrary">
<doc>Closes the current application and the webdriver session.</doc>
<status status="PASS" start="2026-04-24T01:06:26.100402" elapsed="0.487749"/>
</kw>
<status status="PASS" start="2026-04-24T01:06:26.099818" elapsed="0.488398"/>
</kw>
<doc>Verify that an email registered under one bank can be used to sign up
under a different rural bank (cross-bank email reuse is allowed).

Pre-conditions: Email is already onboarded under San Antonio.
Test environment must be pointing to a different bank (e.g., Abucay).</doc>
<tag>AccountCreation</tag>
<tag>M1.2</tag>
<tag>M1.2.14</tag>
<tag>Manual</tag>
<tag>Positive</tag>
<tag>Skipped</tag>
<status status="SKIP" start="2026-04-24T01:06:05.912974" elapsed="20.675263">Requires multi-bank environment configuration — cannot be automated in single-bank test env</status>
</test>
<test id="s1-t5" name="TC_M1.2_045 - Verify System Treats Email As Case-Insensitive During Onboarding And Password Reset" line="468">
<kw name="Open Higala App For Signup" owner="common" type="SETUP">
<kw name="Run Keyword And Ignore Error" owner="BuiltIn">
<kw name="Close Application" owner="AppiumLibrary">
<kw name="Capture Screenshot On Failure" owner="common">
<kw name="Run Keyword And Return Status" owner="BuiltIn">
<kw name="Capture Page Screenshot" owner="AppiumLibrary">
<msg time="2026-04-24T01:06:26.594909" level="FAIL">No application is open</msg>
<doc>Takes a screenshot of the current page and embeds it into the log.</doc>
<status status="FAIL" start="2026-04-24T01:06:26.594794" elapsed="0.002148">No application is open</status>
</kw>
<msg time="2026-04-24T01:06:26.597037" level="INFO">${status} = False</msg>
<var>${status}</var>
<arg>Capture Page Screenshot</arg>
<doc>Runs the specified keyword and returns the status as a Boolean value.</doc>
<status status="PASS" start="2026-04-24T01:06:26.594649" elapsed="0.002404"/>
</kw>
<kw name="Run Keyword If" owner="BuiltIn">
<kw name="Log" owner="BuiltIn">
<msg time="2026-04-24T01:06:26.597553" level="WARN">Could not capture screenshot — no active Appium session</msg>
<arg>Could not capture screenshot — no active Appium session</arg>
<arg>WARN</arg>
<doc>Logs the given message with the given level.</doc>
<status status="PASS" start="2026-04-24T01:06:26.597400" elapsed="0.000340"/>
</kw>
<arg>not ${status}</arg>
<arg>Log</arg>
<arg>Could not capture screenshot — no active Appium session</arg>
<arg>WARN</arg>
<doc>Runs the given keyword with the given arguments, if ``condition`` is true.</doc>
<status status="PASS" start="2026-04-24T01:06:26.597130" elapsed="0.000709"/>
</kw>
<status status="PASS" start="2026-04-24T01:06:26.594533" elapsed="0.003372"/>
</kw>
<msg time="2026-04-24T01:06:26.597958" level="FAIL">No application is open</msg>
<doc>Closes the current application and the webdriver session.</doc>
<status status="FAIL" start="2026-04-24T01:06:26.594402" elapsed="0.003930">No application is open</status>
</kw>
<arg>Close Application</arg>
<doc>Runs the given keyword with the given arguments and ignores possible error.</doc>
<status status="PASS" start="2026-04-24T01:06:26.594122" elapsed="0.004242"/>
</kw>
<kw name="Sleep" owner="BuiltIn">
<msg time="2026-04-24T01:06:28.601709" level="INFO">Slept 2 seconds.</msg>
<arg>2s</arg>
<doc>Pauses the test executed for the given time.</doc>
<status status="PASS" start="2026-04-24T01:06:26.598417" elapsed="2.005858"/>
</kw>
<kw name="Open Application" owner="AppiumLibrary">
<arg>${APPIUM_SERVER}</arg>
<arg>platformName=${PLATFORM}</arg>
<arg>deviceName=${DEVICE_NAME}</arg>
<arg>appPackage=${APP_PACKAGE}</arg>
<arg>appActivity=${APP_ACTIVITY}</arg>
<arg>automationName=UiAutomator2</arg>
<arg>noReset=${True}</arg>
<arg>skipDeviceInitialization=${True}</arg>
<arg>ignoreHiddenApiPolicyError=${True}</arg>
<arg>enforceXPath1=${True}</arg>
<arg>adbExecTimeout=120000</arg>
<arg>uiautomator2ServerLaunchTimeout=120000</arg>
<arg>uiautomator2ServerInstallTimeout=120000</arg>
<arg>newCommandTimeout=300</arg>
<doc>Opens a new application to the given Appium server.
Capabilities of appium server, Android and iOS,
Please check https://appium.io/docs/en/2.19/guides/caps/
| *Option*            | *Man.* | *Description*     |
| remote_url          | Yes    | Appium server url |
| alias               | No     | alias             |</doc>
<status status="PASS" start="2026-04-24T01:06:28.606553" elapsed="4.075198"/>
</kw>
<kw name="Sleep" owner="BuiltIn">
<msg time="2026-04-24T01:06:35.686228" level="INFO">Slept 3 seconds.</msg>
<arg>3s</arg>
<doc>Pauses the test executed for the given time.</doc>
<status status="PASS" start="2026-04-24T01:06:32.682675" elapsed="3.004479"/>
</kw>
<kw name="Navigate To Welcome Screen" owner="common">
<kw name="Run" owner="OperatingSystem">
<msg time="2026-04-24T01:06:35.692751" level="INFO">Running command 'adb -s emulator-5554 shell am force-stop com.higala.ruralbanksanantonioitg 2&gt;&amp;1'.</msg>
<arg>adb -s ${DEVICE_NAME} shell am force-stop ${APP_PACKAGE}</arg>
<doc>_This keyword is considered deprecated. Use the
[http://robotframework.org/robotframework/latest/libraries/Process.html|
Process] library instead._</doc>
<status status="PASS" start="2026-04-24T01:06:35.688220" elapsed="0.239232"/>
</kw>
<kw name="Sleep" owner="BuiltIn">
<msg time="2026-04-24T01:06:37.931813" level="INFO">Slept 2 seconds.</msg>
<arg>2s</arg>
<doc>Pauses the test executed for the given time.</doc>
<status status="PASS" start="2026-04-24T01:06:35.928447" elapsed="2.005090"/>
</kw>
<kw name="Activate Application" owner="AppiumLibrary">
<arg>${APP_PACKAGE}</arg>
<doc>Activates the application if it is not running or is running in the background.</doc>
<status status="PASS" start="2026-04-24T01:06:37.936118" elapsed="0.245989"/>
</kw>
<kw name="Sleep" owner="BuiltIn">
<msg time="2026-04-24T01:06:46.186719" level="INFO">Slept 8 seconds.</msg>
<arg>8s</arg>
<doc>Pauses the test executed for the given time.</doc>
<status status="PASS" start="2026-04-24T01:06:38.182281" elapsed="8.006797"/>
</kw>
<kw name="Wait Until Element Is Visible" owner="AppiumLibrary">
<msg time="2026-04-24T01:06:46.480927" level="INFO">xpath criteria: //*[@content-desc='Sign in']</msg>
<arg>xpath=//*[@content-desc='Sign in']</arg>
<arg>timeout=30s</arg>
<doc>Waits until the element specified by the ``locator`` is visible.</doc>
<status status="PASS" start="2026-04-24T01:06:46.190900" elapsed="0.290142"/>
</kw>
<status status="PASS" start="2026-04-24T01:06:35.687683" elapsed="10.793576"/>
</kw>
<status status="PASS" start="2026-04-24T01:06:26.593864" elapsed="19.887512"/>
</kw>
<kw name="Skip" owner="BuiltIn">
<msg time="2026-04-24T01:06:46.482462" level="SKIP">Cross-flow E2E (Onboarding + Login + Password Reset) — Veriff requires physical device</msg>
<arg>Cross-flow E2E (Onboarding + Login + Password Reset) — Veriff requires physical device</arg>
<doc>Skips the rest of the current test.</doc>
<status status="SKIP" start="2026-04-24T01:06:46.481612" elapsed="0.001067">Cross-flow E2E (Onboarding + Login + Password Reset) — Veriff requires physical device</status>
</kw>
<kw name="Close Higala App" owner="common" type="TEARDOWN">
<kw name="Close Application" owner="AppiumLibrary">
<doc>Closes the current application and the webdriver session.</doc>
<status status="PASS" start="2026-04-24T01:06:46.484110" elapsed="0.723183"/>
</kw>
<status status="PASS" start="2026-04-24T01:06:46.483661" elapsed="0.723786"/>
</kw>
<doc>Verify the system normalises email casing so that:
1. Signup with a mixed-case email (e.g. "jjavier+CaseTest@nmblr.ai") succeeds.
2. First-time login using the uppercase/lowercase variant of the same email
   together with the temporary password also succeeds.
3. The password reset process completes and a confirmation is displayed.

Pre-conditions: AC_CASE_SIGNUP_EMAIL is NOT already registered.

NOTE: This is a cross-flow E2E test spanning Onboarding (M1.2), Login (M2.1),
      and Password Reset (M2.2). Veriff KYC is required to fully complete
      the onboarding leg — run on a PHYSICAL DEVICE.
      The login and password-reset legs can be verified independently using
      a pre-existing account whose signup email is known to be mixed-case.</doc>
<tag>AccountCreation</tag>
<tag>M1.2</tag>
<tag>M1.2.45</tag>
<tag>Manual</tag>
<tag>Positive</tag>
<tag>Skipped</tag>
<status status="SKIP" start="2026-04-24T01:06:26.590436" elapsed="20.617048">Cross-flow E2E (Onboarding + Login + Password Reset) — Veriff requires physical device</status>
</test>
<status status="SKIP" start="2026-04-24T01:04:56.081561" elapsed="111.136117"/>
</suite>
<statistics>
<total>
<stat pass="0" fail="0" skip="5">All Tests</stat>
</total>
<tag>
<stat pass="0" fail="0" skip="5">AccountCreation</stat>
<stat pass="0" fail="0" skip="5">M1.2</stat>
<stat pass="0" fail="0" skip="1">M1.2.1</stat>
<stat pass="0" fail="0" skip="1">M1.2.11</stat>
<stat pass="0" fail="0" skip="1">M1.2.12</stat>
<stat pass="0" fail="0" skip="1">M1.2.14</stat>
<stat pass="0" fail="0" skip="1">M1.2.45</stat>
<stat pass="0" fail="0" skip="5">Manual</stat>
<stat pass="0" fail="0" skip="5">Positive</stat>
<stat pass="0" fail="0" skip="5">Skipped</stat>
</tag>
<suite>
<stat name="M1.2 Account Creation" id="s1" pass="0" fail="0" skip="5">M1.2 Account Creation</stat>
</suite>
</statistics>
<errors>
<msg time="2026-04-24T01:04:56.327849" level="WARN">Could not capture screenshot — no active Appium session</msg>
<msg time="2026-04-24T01:05:23.848313" level="WARN">Could not capture screenshot — no active Appium session</msg>
<msg time="2026-04-24T01:05:44.873885" level="WARN">Could not capture screenshot — no active Appium session</msg>
<msg time="2026-04-24T01:06:05.919340" level="WARN">Could not capture screenshot — no active Appium session</msg>
<msg time="2026-04-24T01:06:26.597553" level="WARN">Could not capture screenshot — no active Appium session</msg>
</errors>
</robot>
