<?xml version="1.0" encoding="UTF-8"?>
<robot generator="Robot 7.4.2 (Python 3.14.3 on darwin)" generated="2026-04-24T18:23:03.422661" rpa="false" schemaversion="5">
<suite id="s1" name="M2.1 Login Email OTP" source="/Users/jocelynjavier/Higala/Mobile App/Modules/Login/M2.1_Login_Email_OTP.robot">
<kw name="Setup Screenshot On Failure" owner="common" type="SETUP">
<kw name="Register Keyword To Run On Failure" owner="AppiumLibrary">
<msg time="2026-04-24T18:23:03.693646" level="INFO">Capture Screenshot On Failure will be run on failure.</msg>
<arg>Capture Screenshot On Failure</arg>
<doc>Sets the keyword to be executed when an AppiumLibrary keyword fails.</doc>
<status status="PASS" start="2026-04-24T18:23:03.692325" elapsed="0.001370"/>
</kw>
<status status="PASS" start="2026-04-24T18:23:03.691847" elapsed="0.001905"/>
</kw>
<test id="s1-t1" name="TC_M2.1_001 - Successful Login With Valid Email, Password, and OTP" line="74">
<kw name="Open Higala App" owner="common" type="SETUP">
<kw name="Run Keyword And Ignore Error" owner="BuiltIn">
<kw name="Close Application" owner="AppiumLibrary">
<kw name="Capture Screenshot On Failure" owner="common">
<kw name="Run Keyword And Return Status" owner="BuiltIn">
<kw name="Capture Page Screenshot" owner="AppiumLibrary">
<msg time="2026-04-24T18:23:03.695068" level="FAIL">No application is open</msg>
<doc>Takes a screenshot of the current page and embeds it into the log.</doc>
<status status="FAIL" start="2026-04-24T18:23:03.694961" elapsed="0.002590">No application is open</status>
</kw>
<msg time="2026-04-24T18:23:03.697646" level="INFO">${status} = False</msg>
<var>${status}</var>
<arg>Capture Page Screenshot</arg>
<doc>Runs the specified keyword and returns the status as a Boolean value.</doc>
<status status="PASS" start="2026-04-24T18:23:03.694808" elapsed="0.002856"/>
</kw>
<kw name="Run Keyword If" owner="BuiltIn">
<kw name="Log" owner="BuiltIn">
<msg time="2026-04-24T18:23:03.698469" level="WARN">Could not capture screenshot — no active Appium session</msg>
<arg>Could not capture screenshot — no active Appium session</arg>
<arg>WARN</arg>
<doc>Logs the given message with the given level.</doc>
<status status="PASS" start="2026-04-24T18:23:03.698009" elapsed="0.000551"/>
</kw>
<arg>not ${status}</arg>
<arg>Log</arg>
<arg>Could not capture screenshot — no active Appium session</arg>
<arg>WARN</arg>
<doc>Runs the given keyword with the given arguments, if ``condition`` is true.</doc>
<status status="PASS" start="2026-04-24T18:23:03.697745" elapsed="0.000852"/>
</kw>
<status status="PASS" start="2026-04-24T18:23:03.694679" elapsed="0.003958"/>
</kw>
<msg time="2026-04-24T18:23:03.698686" level="FAIL">No application is open</msg>
<doc>Closes the current application and the webdriver session.</doc>
<status status="FAIL" start="2026-04-24T18:23:03.694557" elapsed="0.004525">No application is open</status>
</kw>
<arg>Close Application</arg>
<doc>Runs the given keyword with the given arguments and ignores possible error.</doc>
<status status="PASS" start="2026-04-24T18:23:03.694336" elapsed="0.004784"/>
</kw>
<kw name="Sleep" owner="BuiltIn">
<msg time="2026-04-24T18:23:05.699913" level="INFO">Slept 2 seconds.</msg>
<arg>2s</arg>
<doc>Pauses the test executed for the given time.</doc>
<status status="PASS" start="2026-04-24T18:23:03.699180" elapsed="2.000995"/>
</kw>
<kw name="Open Application" owner="AppiumLibrary">
<arg>${APPIUM_SERVER}</arg>
<arg>platformName=${PLATFORM}</arg>
<arg>deviceName=${DEVICE_NAME}</arg>
<arg>appPackage=${APP_PACKAGE}</arg>
<arg>appActivity=${APP_ACTIVITY}</arg>
<arg>automationName=UiAutomator2</arg>
<arg>noReset=${True}</arg>
<arg>skipDeviceInitialization=${True}</arg>
<arg>ignoreHiddenApiPolicyError=${True}</arg>
<arg>enforceXPath1=${True}</arg>
<arg>adbExecTimeout=120000</arg>
<arg>uiautomator2ServerLaunchTimeout=120000</arg>
<arg>uiautomator2ServerInstallTimeout=300000</arg>
<arg>skipServerInstallation=${False}</arg>
<arg>newCommandTimeout=300</arg>
<doc>Opens a new application to the given Appium server.
Capabilities of appium server, Android and iOS,
Please check https://appium.io/docs/en/2.19/guides/caps/
| *Option*            | *Man.* | *Description*     |
| remote_url          | Yes    | Appium server url |
| alias               | No     | alias             |</doc>
<status status="PASS" start="2026-04-24T18:23:05.700648" elapsed="5.636501"/>
</kw>
<kw name="Sleep" owner="BuiltIn">
<msg time="2026-04-24T18:23:14.339751" level="INFO">Slept 3 seconds.</msg>
<arg>3s</arg>
<doc>Pauses the test executed for the given time.</doc>
<status status="PASS" start="2026-04-24T18:23:11.338250" elapsed="3.001755"/>
</kw>
<kw name="Navigate To Login Page" owner="common">
<kw name="Run" owner="OperatingSystem">
<msg time="2026-04-24T18:23:14.348181" level="INFO">Running command 'adb -s emulator-5554 shell pm clear com.higala.ruralbanksanantonioitg 2&gt;&amp;1'.</msg>
<arg>adb -s ${DEVICE_NAME} shell pm clear ${APP_PACKAGE}</arg>
<doc>_This keyword is considered deprecated. Use the
[http://robotframework.org/robotframework/latest/libraries/Process.html|
Process] library instead._</doc>
<status status="PASS" start="2026-04-24T18:23:14.341658" elapsed="0.334424"/>
</kw>
<kw name="Run" owner="OperatingSystem">
<msg time="2026-04-24T18:23:14.682578" level="INFO">Running command 'adb -s emulator-5554 shell am force-stop com.higala.ruralbanksanantonioitg 2&gt;&amp;1'.</msg>
<arg>adb -s ${DEVICE_NAME} shell am force-stop ${APP_PACKAGE}</arg>
<doc>_This keyword is considered deprecated. Use the
[http://robotframework.org/robotframework/latest/libraries/Process.html|
Process] library instead._</doc>
<status status="PASS" start="2026-04-24T18:23:14.676732" elapsed="0.633496"/>
</kw>
<kw name="Sleep" owner="BuiltIn">
<msg time="2026-04-24T18:23:18.317276" level="INFO">Slept 3 seconds.</msg>
<arg>3s</arg>
<doc>Pauses the test executed for the given time.</doc>
<status status="PASS" start="2026-04-24T18:23:15.312177" elapsed="3.006184"/>
</kw>
<kw name="Activate Application" owner="AppiumLibrary">
<arg>${APP_PACKAGE}</arg>
<doc>Activates the application if it is not running or is running in the background.</doc>
<status status="PASS" start="2026-04-24T18:23:18.319744" elapsed="0.280572"/>
</kw>
<kw name="Sleep" owner="BuiltIn">
<msg time="2026-04-24T18:23:33.605458" level="INFO">Slept 15 seconds.</msg>
<arg>15s</arg>
<doc>Pauses the test executed for the given time.</doc>
<status status="PASS" start="2026-04-24T18:23:18.600666" elapsed="15.006727"/>
</kw>
<kw name="Wait Until Element Is Visible" owner="AppiumLibrary">
<msg time="2026-04-24T18:23:33.855740" level="INFO">xpath criteria: //*[@content-desc='Sign in']</msg>
<arg>xpath=//*[@content-desc='Sign in']</arg>
<arg>timeout=30s</arg>
<doc>Waits until the element specified by the ``locator`` is visible.</doc>
<status status="PASS" start="2026-04-24T18:23:33.609573" elapsed="0.246301"/>
</kw>
<kw name="Click Element" owner="AppiumLibrary">
<msg time="2026-04-24T18:23:33.859183" level="INFO">Clicking element 'xpath=//*[@content-desc='Sign in']'.</msg>
<msg time="2026-04-24T18:23:34.062455" level="INFO">xpath criteria: //*[@content-desc='Sign in']</msg>
<arg>xpath=//*[@content-desc='Sign in']</arg>
<doc>Clicks the element identified by ``locator``.</doc>
<status status="PASS" start="2026-04-24T18:23:33.856100" elapsed="0.206543"/>
</kw>
<kw name="Wait Until Element Is Visible" owner="AppiumLibrary">
<msg time="2026-04-24T18:23:35.093728" level="INFO">xpath criteria: //android.widget.EditText[@hint='Email Address']
xpath criteria: //android.widget.EditText[@hint='Email Address']</msg>
<arg>xpath=//android.widget.EditText[@hint='Email Address']</arg>
<arg>timeout=15s</arg>
<doc>Waits until the element specified by the ``locator`` is visible.</doc>
<status status="PASS" start="2026-04-24T18:23:34.062887" elapsed="1.031081"/>
</kw>
<status status="PASS" start="2026-04-24T18:23:14.340743" elapsed="20.753546"/>
</kw>
<status status="PASS" start="2026-04-24T18:23:03.694185" elapsed="31.400220"/>
</kw>
<kw name="Input Text" owner="AppiumLibrary">
<msg time="2026-04-24T18:23:35.098058" level="INFO">Typing text 'jjavier+61@nmblr.ai' into text field 'xpath=//android.widget.EditText[@hint='Email Address']'</msg>
<msg time="2026-04-24T18:23:35.817573" level="INFO">xpath criteria: //android.widget.EditText[@hint='Email Address']</msg>
<arg>${EMAIL_FIELD}</arg>
<arg>${VALID_EMAIL_7}</arg>
<doc>Types the given ``text`` into the text field identified by ``locator``.</doc>
<status status="PASS" start="2026-04-24T18:23:35.094895" elapsed="0.722815"/>
</kw>
<kw name="Input Text" owner="AppiumLibrary">
<msg time="2026-04-24T18:23:35.821250" level="INFO">Typing text 'Password!1' into text field 'xpath=//android.widget.EditText[@hint='Password']'</msg>
<msg time="2026-04-24T18:23:36.918941" level="INFO">xpath criteria: //android.widget.EditText[@hint='Password']</msg>
<arg>${PASSWORD_FIELD}</arg>
<arg>${VALID_PASSWORD}</arg>
<doc>Types the given ``text`` into the text field identified by ``locator``.</doc>
<status status="PASS" start="2026-04-24T18:23:35.817964" elapsed="1.101241"/>
</kw>
<kw name="Click Element" owner="AppiumLibrary">
<msg time="2026-04-24T18:23:36.928428" level="INFO">Clicking element 'accessibility_id=Sign in'.</msg>
<arg>${LOGIN_BUTTON}</arg>
<doc>Clicks the element identified by ``locator``.</doc>
<status status="PASS" start="2026-04-24T18:23:36.919739" elapsed="0.635282"/>
</kw>
<kw name="Wait Until Element Is Visible" owner="AppiumLibrary">
<msg time="2026-04-24T18:23:40.911911" level="INFO">xpath criteria: //android.widget.TextView[@text='OTP Verification']
xpath criteria: //android.widget.TextView[@text='OTP Verification']</msg>
<arg>${OTP_SCREEN}</arg>
<arg>timeout=30s</arg>
<doc>Waits until the element specified by the ``locator`` is visible.</doc>
<status status="PASS" start="2026-04-24T18:23:37.555305" elapsed="3.358226"/>
</kw>
<kw name="Enter OTP Into Boxes" owner="common">
<kw name="Click Element" owner="AppiumLibrary">
<msg time="2026-04-24T18:23:40.926578" level="INFO">Clicking element 'xpath=(//android.widget.EditText)[1]'.</msg>
<msg time="2026-04-24T18:23:41.075148" level="INFO">xpath criteria: (//android.widget.EditText)[1]</msg>
<arg>xpath=(//android.widget.EditText)[1]</arg>
<doc>Clicks the element identified by ``locator``.</doc>
<status status="PASS" start="2026-04-24T18:23:40.924685" elapsed="0.150639"/>
</kw>
<kw name="Input Text" owner="AppiumLibrary">
<msg time="2026-04-24T18:23:41.081161" level="INFO">Typing text '1' into text field 'xpath=(//android.widget.EditText)[1]'</msg>
<msg time="2026-04-24T18:23:43.042056" level="INFO">xpath criteria: (//android.widget.EditText)[1]</msg>
<arg>xpath=(//android.widget.EditText)[1]</arg>
<arg>${d1}</arg>
<doc>Types the given ``text`` into the text field identified by ``locator``.</doc>
<status status="PASS" start="2026-04-24T18:23:41.076895" elapsed="1.966068"/>
</kw>
<kw name="Wait Until Element Is Visible" owner="AppiumLibrary">
<msg time="2026-04-24T18:23:44.441803" level="INFO">xpath criteria: (//android.widget.EditText)[2]</msg>
<arg>xpath=(//android.widget.EditText)[2]</arg>
<arg>timeout=10s</arg>
<doc>Waits until the element specified by the ``locator`` is visible.</doc>
<status status="PASS" start="2026-04-24T18:23:43.046072" elapsed="1.396394"/>
</kw>
<kw name="Input Text" owner="AppiumLibrary">
<msg time="2026-04-24T18:23:44.447577" level="INFO">Typing text '2' into text field 'xpath=(//android.widget.EditText)[2]'</msg>
<msg time="2026-04-24T18:23:44.615770" level="INFO">xpath criteria: (//android.widget.EditText)[2]</msg>
<arg>xpath=(//android.widget.EditText)[2]</arg>
<arg>${d2}</arg>
<doc>Types the given ``text`` into the text field identified by ``locator``.</doc>
<status status="PASS" start="2026-04-24T18:23:44.443906" elapsed="0.171990"/>
</kw>
<kw name="Wait Until Element Is Visible" owner="AppiumLibrary">
<msg time="2026-04-24T18:23:45.474420" level="INFO">xpath criteria: (//android.widget.EditText)[3]</msg>
<arg>xpath=(//android.widget.EditText)[3]</arg>
<arg>timeout=10s</arg>
<doc>Waits until the element specified by the ``locator`` is visible.</doc>
<status status="PASS" start="2026-04-24T18:23:44.616184" elapsed="0.858449"/>
</kw>
<kw name="Input Text" owner="AppiumLibrary">
<msg time="2026-04-24T18:23:45.478217" level="INFO">Typing text '3' into text field 'xpath=(//android.widget.EditText)[3]'</msg>
<msg time="2026-04-24T18:23:45.530800" level="INFO">xpath criteria: (//android.widget.EditText)[3]</msg>
<arg>xpath=(//android.widget.EditText)[3]</arg>
<arg>${d3}</arg>
<doc>Types the given ``text`` into the text field identified by ``locator``.</doc>
<status status="PASS" start="2026-04-24T18:23:45.475040" elapsed="0.055874"/>
</kw>
<kw name="Wait Until Element Is Visible" owner="AppiumLibrary">
<msg time="2026-04-24T18:23:46.356947" level="INFO">xpath criteria: (//android.widget.EditText)[4]</msg>
<arg>xpath=(//android.widget.EditText)[4]</arg>
<arg>timeout=10s</arg>
<doc>Waits until the element specified by the ``locator`` is visible.</doc>
<status status="PASS" start="2026-04-24T18:23:45.531138" elapsed="0.825931"/>
</kw>
<kw name="Input Text" owner="AppiumLibrary">
<msg time="2026-04-24T18:23:46.360199" level="INFO">Typing text '4' into text field 'xpath=(//android.widget.EditText)[4]'</msg>
<msg time="2026-04-24T18:23:46.414784" level="INFO">xpath criteria: (//android.widget.EditText)[4]</msg>
<arg>xpath=(//android.widget.EditText)[4]</arg>
<arg>${d4}</arg>
<doc>Types the given ``text`` into the text field identified by ``locator``.</doc>
<status status="PASS" start="2026-04-24T18:23:46.357282" elapsed="0.057641"/>
</kw>
<kw name="Wait Until Element Is Visible" owner="AppiumLibrary">
<msg time="2026-04-24T18:23:47.466818" level="INFO">xpath criteria: (//android.widget.EditText)[5]</msg>
<arg>xpath=(//android.widget.EditText)[5]</arg>
<arg>timeout=10s</arg>
<doc>Waits until the element specified by the ``locator`` is visible.</doc>
<status status="PASS" start="2026-04-24T18:23:46.415165" elapsed="1.052809"/>
</kw>
<kw name="Input Text" owner="AppiumLibrary">
<msg time="2026-04-24T18:23:47.473434" level="INFO">Typing text '5' into text field 'xpath=(//android.widget.EditText)[5]'</msg>
<msg time="2026-04-24T18:23:47.538783" level="INFO">xpath criteria: (//android.widget.EditText)[5]</msg>
<arg>xpath=(//android.widget.EditText)[5]</arg>
<arg>${d5}</arg>
<doc>Types the given ``text`` into the text field identified by ``locator``.</doc>
<status status="PASS" start="2026-04-24T18:23:47.469281" elapsed="0.069648"/>
</kw>
<kw name="Wait Until Element Is Visible" owner="AppiumLibrary">
<msg time="2026-04-24T18:23:48.403627" level="INFO">xpath criteria: (//android.widget.EditText)[6]</msg>
<arg>xpath=(//android.widget.EditText)[6]</arg>
<arg>timeout=10s</arg>
<doc>Waits until the element specified by the ``locator`` is visible.</doc>
<status status="PASS" start="2026-04-24T18:23:47.539187" elapsed="0.864550"/>
</kw>
<kw name="Input Text" owner="AppiumLibrary">
<msg time="2026-04-24T18:23:48.406899" level="INFO">Typing text '6' into text field 'xpath=(//android.widget.EditText)[6]'</msg>
<msg time="2026-04-24T18:23:48.462796" level="INFO">xpath criteria: (//android.widget.EditText)[6]</msg>
<arg>xpath=(//android.widget.EditText)[6]</arg>
<arg>${d6}</arg>
<doc>Types the given ``text`` into the text field identified by ``locator``.</doc>
<status status="PASS" start="2026-04-24T18:23:48.403930" elapsed="0.059032"/>
</kw>
<kw name="Sleep" owner="BuiltIn">
<msg time="2026-04-24T18:23:56.466784" level="INFO">Slept 8 seconds.</msg>
<arg>${post_sleep}</arg>
<doc>Pauses the test executed for the given time.</doc>
<status status="PASS" start="2026-04-24T18:23:48.463161" elapsed="8.005038"/>
</kw>
<arg>1</arg>
<arg>2</arg>
<arg>3</arg>
<arg>4</arg>
<arg>5</arg>
<arg>6</arg>
<status status="PASS" start="2026-04-24T18:23:40.922615" elapsed="15.546369"/>
</kw>
<kw name="Wait Until Element Is Visible" owner="AppiumLibrary">
<msg time="2026-04-24T18:23:56.609307" level="INFO">xpath criteria: //android.widget.TextView[@text='Home']</msg>
<arg>${HOME_SCREEN}</arg>
<arg>timeout=15s</arg>
<doc>Waits until the element specified by the ``locator`` is visible.</doc>
<status status="PASS" start="2026-04-24T18:23:56.470075" elapsed="0.139339"/>
</kw>
<kw name="Expect Element" owner="AppiumLibrary">
<msg time="2026-04-24T18:23:56.739270" level="INFO">xpath criteria: //android.widget.TextView[@text='Home']</msg>
<arg>${HOME_SCREEN}</arg>
<arg>visible</arg>
<doc>Verifies that the element with the given ``locator`` has the desired ``state`` (visible, not visible, enabled, disabled.)</doc>
<status status="PASS" start="2026-04-24T18:23:56.609676" elapsed="0.130370"/>
</kw>
<doc>Verify user can log in successfully using valid email, password, and correct OTP</doc>
<tag>Email</tag>
<tag>Login</tag>
<tag>M2.1</tag>
<tag>OTP</tag>
<tag>Positive</tag>
<status status="PASS" start="2026-04-24T18:23:03.693812" elapsed="53.047744"/>
</test>
<test id="s1-t2" name="TC_M2.1_002 - OTP Screen Is Displayed After Valid Email and Password" line="88">
<kw name="Reset To Login Page" owner="common">
<kw name="Navigate To Login Page" owner="common">
<kw name="Run" owner="OperatingSystem">
<msg time="2026-04-24T18:23:56.753128" level="INFO">Running command 'adb -s emulator-5554 shell pm clear com.higala.ruralbanksanantonioitg 2&gt;&amp;1'.</msg>
<arg>adb -s ${DEVICE_NAME} shell pm clear ${APP_PACKAGE}</arg>
<doc>_This keyword is considered deprecated. Use the
[http://robotframework.org/robotframework/latest/libraries/Process.html|
Process] library instead._</doc>
<status status="PASS" start="2026-04-24T18:23:56.748617" elapsed="0.751648"/>
</kw>
<kw name="Run" owner="OperatingSystem">
<msg time="2026-04-24T18:23:57.512642" level="INFO">Running command 'adb -s emulator-5554 shell am force-stop com.higala.ruralbanksanantonioitg 2&gt;&amp;1'.</msg>
<arg>adb -s ${DEVICE_NAME} shell am force-stop ${APP_PACKAGE}</arg>
<doc>_This keyword is considered deprecated. Use the
[http://robotframework.org/robotframework/latest/libraries/Process.html|
Process] library instead._</doc>
<status status="PASS" start="2026-04-24T18:23:57.506421" elapsed="0.208380"/>
</kw>
<kw name="Sleep" owner="BuiltIn">
<msg time="2026-04-24T18:24:00.720045" level="INFO">Slept 3 seconds.</msg>
<arg>3s</arg>
<doc>Pauses the test executed for the given time.</doc>
<status status="PASS" start="2026-04-24T18:23:57.715419" elapsed="3.006047"/>
</kw>
<kw name="Activate Application" owner="AppiumLibrary">
<arg>${APP_PACKAGE}</arg>
<doc>Activates the application if it is not running or is running in the background.</doc>
<status status="PASS" start="2026-04-24T18:24:00.723051" elapsed="0.181617"/>
</kw>
<kw name="Sleep" owner="BuiltIn">
<msg time="2026-04-24T18:24:15.907994" level="INFO">Slept 15 seconds.</msg>
<arg>15s</arg>
<doc>Pauses the test executed for the given time.</doc>
<status status="PASS" start="2026-04-24T18:24:00.905055" elapsed="15.005082"/>
</kw>
<kw name="Wait Until Element Is Visible" owner="AppiumLibrary">
<msg time="2026-04-24T18:24:16.118732" level="INFO">xpath criteria: //*[@content-desc='Sign in']</msg>
<arg>xpath=//*[@content-desc='Sign in']</arg>
<arg>timeout=30s</arg>
<doc>Waits until the element specified by the ``locator`` is visible.</doc>
<status status="PASS" start="2026-04-24T18:24:15.911951" elapsed="0.206896"/>
</kw>
<kw name="Click Element" owner="AppiumLibrary">
<msg time="2026-04-24T18:24:16.122301" level="INFO">Clicking element 'xpath=//*[@content-desc='Sign in']'.</msg>
<msg time="2026-04-24T18:24:16.304053" level="INFO">xpath criteria: //*[@content-desc='Sign in']</msg>
<arg>xpath=//*[@content-desc='Sign in']</arg>
<doc>Clicks the element identified by ``locator``.</doc>
<status status="PASS" start="2026-04-24T18:24:16.119107" elapsed="0.185085"/>
</kw>
<kw name="Wait Until Element Is Visible" owner="AppiumLibrary">
<msg time="2026-04-24T18:24:17.198120" level="INFO">xpath criteria: //android.widget.EditText[@hint='Email Address']
xpath criteria: //android.widget.EditText[@hint='Email Address']</msg>
<arg>xpath=//android.widget.EditText[@hint='Email Address']</arg>
<arg>timeout=15s</arg>
<doc>Waits until the element specified by the ``locator`` is visible.</doc>
<status status="PASS" start="2026-04-24T18:24:16.304519" elapsed="0.893860"/>
</kw>
<status status="PASS" start="2026-04-24T18:23:56.748279" elapsed="20.450411"/>
</kw>
<status status="PASS" start="2026-04-24T18:23:56.747671" elapsed="20.451122"/>
</kw>
<kw name="Input Text" owner="AppiumLibrary">
<msg time="2026-04-24T18:24:17.202261" level="INFO">Typing text 'jjavier+98@nmblr.ai' into text field 'xpath=//android.widget.EditText[@hint='Email Address']'</msg>
<msg time="2026-04-24T18:24:17.826690" level="INFO">xpath criteria: //android.widget.EditText[@hint='Email Address']</msg>
<arg>${EMAIL_FIELD}</arg>
<arg>${VALID_EMAIL_8}</arg>
<doc>Types the given ``text`` into the text field identified by ``locator``.</doc>
<status status="PASS" start="2026-04-24T18:24:17.199179" elapsed="0.627679"/>
</kw>
<kw name="Input Text" owner="AppiumLibrary">
<msg time="2026-04-24T18:24:17.833567" level="INFO">Typing text 'Password!1' into text field 'xpath=//android.widget.EditText[@hint='Password']'</msg>
<msg time="2026-04-24T18:24:19.053883" level="INFO">xpath criteria: //android.widget.EditText[@hint='Password']</msg>
<arg>${PASSWORD_FIELD}</arg>
<arg>${VALID_PASSWORD}</arg>
<doc>Types the given ``text`` into the text field identified by ``locator``.</doc>
<status status="PASS" start="2026-04-24T18:24:17.827255" elapsed="1.226770"/>
</kw>
<kw name="Click Element" owner="AppiumLibrary">
<msg time="2026-04-24T18:24:19.058057" level="INFO">Clicking element 'accessibility_id=Sign in'.</msg>
<arg>${LOGIN_BUTTON}</arg>
<doc>Clicks the element identified by ``locator``.</doc>
<status status="PASS" start="2026-04-24T18:24:19.054321" elapsed="0.663017"/>
</kw>
<kw name="Wait Until Element Is Visible" owner="AppiumLibrary">
<msg time="2026-04-24T18:24:22.496360" level="INFO">xpath criteria: //android.widget.TextView[@text='OTP Verification']
xpath criteria: //android.widget.TextView[@text='OTP Verification']</msg>
<arg>${OTP_SCREEN}</arg>
<arg>timeout=30s</arg>
<doc>Waits until the element specified by the ``locator`` is visible.</doc>
<status status="PASS" start="2026-04-24T18:24:19.719081" elapsed="2.777408"/>
</kw>
<kw name="Expect Element" owner="AppiumLibrary">
<msg time="2026-04-24T18:24:22.536919" level="INFO">xpath criteria: //android.widget.TextView[@text='OTP Verification']</msg>
<arg>${OTP_SCREEN}</arg>
<arg>visible</arg>
<doc>Verifies that the element with the given ``locator`` has the desired ``state`` (visible, not visible, enabled, disabled.)</doc>
<status status="PASS" start="2026-04-24T18:24:22.496879" elapsed="0.040164"/>
</kw>
<doc>Verify that the OTP screen is shown after entering valid credentials</doc>
<tag>Email</tag>
<tag>Login</tag>
<tag>M2.1</tag>
<tag>OTP</tag>
<tag>Positive</tag>
<status status="PASS" start="2026-04-24T18:23:56.744162" elapsed="25.793288"/>
</test>
<test id="s1-t3" name="TC_M2.1_003 - Resend OTP Button Is Available on OTP Screen" line="441">
<kw name="Expect Element" owner="AppiumLibrary">
<msg time="2026-04-24T18:24:22.588771" level="INFO">xpath criteria: //android.widget.TextView[@text='Resend code']</msg>
<arg>${RESEND_OTP_BUTTON}</arg>
<arg>visible</arg>
<doc>Verifies that the element with the given ``locator`` has the desired ``state`` (visible, not visible, enabled, disabled.)</doc>
<status status="PASS" start="2026-04-24T18:24:22.539729" elapsed="0.049150"/>
</kw>
<doc>Verify that the Resend OTP button is visible on the OTP screen (m2.1.8 prerequisite)</doc>
<tag>Email</tag>
<tag>Login</tag>
<tag>M2.1</tag>
<tag>OTP</tag>
<tag>Positive</tag>
<status status="PASS" start="2026-04-24T18:24:22.538793" elapsed="0.050300"/>
</test>
<test id="s1-t4" name="TC_M2.1_011 - Verify Login Page UI Elements Are Displayed" line="453">
<kw name="Reset To Login Page" owner="common">
<kw name="Navigate To Login Page" owner="common">
<kw name="Run" owner="OperatingSystem">
<msg time="2026-04-24T18:24:22.595292" level="INFO">Running command 'adb -s emulator-5554 shell pm clear com.higala.ruralbanksanantonioitg 2&gt;&amp;1'.</msg>
<arg>adb -s ${DEVICE_NAME} shell pm clear ${APP_PACKAGE}</arg>
<doc>_This keyword is considered deprecated. Use the
[http://robotframework.org/robotframework/latest/libraries/Process.html|
Process] library instead._</doc>
<status status="PASS" start="2026-04-24T18:24:22.591041" elapsed="0.435497"/>
</kw>
<kw name="Run" owner="OperatingSystem">
<msg time="2026-04-24T18:24:23.035900" level="INFO">Running command 'adb -s emulator-5554 shell am force-stop com.higala.ruralbanksanantonioitg 2&gt;&amp;1'.</msg>
<arg>adb -s ${DEVICE_NAME} shell am force-stop ${APP_PACKAGE}</arg>
<doc>_This keyword is considered deprecated. Use the
[http://robotframework.org/robotframework/latest/libraries/Process.html|
Process] library instead._</doc>
<status status="PASS" start="2026-04-24T18:24:23.029185" elapsed="0.191841"/>
</kw>
<kw name="Sleep" owner="BuiltIn">
<msg time="2026-04-24T18:24:26.224305" level="INFO">Slept 3 seconds.</msg>
<arg>3s</arg>
<doc>Pauses the test executed for the given time.</doc>
<status status="PASS" start="2026-04-24T18:24:23.221642" elapsed="3.004407"/>
</kw>
<kw name="Activate Application" owner="AppiumLibrary">
<arg>${APP_PACKAGE}</arg>
<doc>Activates the application if it is not running or is running in the background.</doc>
<status status="PASS" start="2026-04-24T18:24:26.228137" elapsed="0.201244"/>
</kw>
<kw name="Sleep" owner="BuiltIn">
<msg time="2026-04-24T18:24:41.435242" level="INFO">Slept 15 seconds.</msg>
<arg>15s</arg>
<doc>Pauses the test executed for the given time.</doc>
<status status="PASS" start="2026-04-24T18:24:26.429756" elapsed="15.011886"/>
</kw>
<kw name="Wait Until Element Is Visible" owner="AppiumLibrary">
<msg time="2026-04-24T18:24:41.583278" level="INFO">xpath criteria: //*[@content-desc='Sign in']</msg>
<arg>xpath=//*[@content-desc='Sign in']</arg>
<arg>timeout=30s</arg>
<doc>Waits until the element specified by the ``locator`` is visible.</doc>
<status status="PASS" start="2026-04-24T18:24:41.443251" elapsed="0.140146"/>
</kw>
<kw name="Click Element" owner="AppiumLibrary">
<msg time="2026-04-24T18:24:41.586825" level="INFO">Clicking element 'xpath=//*[@content-desc='Sign in']'.</msg>
<msg time="2026-04-24T18:24:41.751833" level="INFO">xpath criteria: //*[@content-desc='Sign in']</msg>
<arg>xpath=//*[@content-desc='Sign in']</arg>
<doc>Clicks the element identified by ``locator``.</doc>
<status status="PASS" start="2026-04-24T18:24:41.583650" elapsed="0.168348"/>
</kw>
<kw name="Wait Until Element Is Visible" owner="AppiumLibrary">
<msg time="2026-04-24T18:24:42.661642" level="INFO">xpath criteria: //android.widget.EditText[@hint='Email Address']
xpath criteria: //android.widget.EditText[@hint='Email Address']</msg>
<arg>xpath=//android.widget.EditText[@hint='Email Address']</arg>
<arg>timeout=15s</arg>
<doc>Waits until the element specified by the ``locator`` is visible.</doc>
<status status="PASS" start="2026-04-24T18:24:41.752426" elapsed="0.909322"/>
</kw>
<status status="PASS" start="2026-04-24T18:24:22.590751" elapsed="20.071180"/>
</kw>
<status status="PASS" start="2026-04-24T18:24:22.590314" elapsed="20.071692"/>
</kw>
<kw name="Expect Element" owner="AppiumLibrary">
<msg time="2026-04-24T18:24:42.726227" level="INFO">xpath criteria: //android.widget.EditText[@hint='Email Address']</msg>
<arg>${EMAIL_FIELD}</arg>
<arg>visible</arg>
<doc>Verifies that the element with the given ``locator`` has the desired ``state`` (visible, not visible, enabled, disabled.)</doc>
<status status="PASS" start="2026-04-24T18:24:42.662216" elapsed="0.064119"/>
</kw>
<kw name="Expect Element" owner="AppiumLibrary">
<msg time="2026-04-24T18:24:42.787745" level="INFO">xpath criteria: //android.widget.EditText[@hint='Password']</msg>
<arg>${PASSWORD_FIELD}</arg>
<arg>visible</arg>
<doc>Verifies that the element with the given ``locator`` has the desired ``state`` (visible, not visible, enabled, disabled.)</doc>
<status status="PASS" start="2026-04-24T18:24:42.726552" elapsed="0.061301"/>
</kw>
<kw name="Expect Element" owner="AppiumLibrary">
<arg>${LOGIN_BUTTON}</arg>
<arg>visible</arg>
<doc>Verifies that the element with the given ``locator`` has the desired ``state`` (visible, not visible, enabled, disabled.)</doc>
<status status="PASS" start="2026-04-24T18:24:42.788074" elapsed="0.054127"/>
</kw>
<kw name="Expect Element" owner="AppiumLibrary">
<msg time="2026-04-24T18:24:42.910192" level="INFO">xpath criteria: //android.widget.TextView[@text='Forgot your password?']</msg>
<arg>${FORGOT_PASSWORD}</arg>
<arg>visible</arg>
<doc>Verifies that the element with the given ``locator`` has the desired ``state`` (visible, not visible, enabled, disabled.)</doc>
<status status="PASS" start="2026-04-24T18:24:42.842443" elapsed="0.067856"/>
</kw>
<kw name="Expect Element" owner="AppiumLibrary">
<arg>${BACK_BUTTON}</arg>
<arg>visible</arg>
<doc>Verifies that the element with the given ``locator`` has the desired ``state`` (visible, not visible, enabled, disabled.)</doc>
<status status="PASS" start="2026-04-24T18:24:42.910516" elapsed="0.056047"/>
</kw>
<doc>Verify all key UI elements are visible on the login page (m2.1.1)</doc>
<tag>Email</tag>
<tag>Login</tag>
<tag>M2.1</tag>
<tag>OTP</tag>
<tag>Positive</tag>
<tag>UI</tag>
<status status="PASS" start="2026-04-24T18:24:22.589413" elapsed="20.377567"/>
</test>
<test id="s1-t5" name="TC_M2.1_012 - Back Button Redirects To Start Page" line="470">
<kw name="Expect Element" owner="AppiumLibrary">
<arg>${BACK_BUTTON}</arg>
<arg>visible</arg>
<doc>Verifies that the element with the given ``locator`` has the desired ``state`` (visible, not visible, enabled, disabled.)</doc>
<status status="PASS" start="2026-04-24T18:24:42.970716" elapsed="0.055624"/>
</kw>
<kw name="Click Element" owner="AppiumLibrary">
<msg time="2026-04-24T18:24:43.029450" level="INFO">Clicking element 'accessibility_id=Back'.</msg>
<arg>${BACK_BUTTON}</arg>
<doc>Clicks the element identified by ``locator``.</doc>
<status status="PASS" start="2026-04-24T18:24:43.026559" elapsed="0.117332"/>
</kw>
<kw name="Wait Until Keyword Succeeds" owner="BuiltIn">
<kw name="Wait Until Element Is Visible" owner="AppiumLibrary">
<msg time="2026-04-24T18:24:43.771983" level="INFO">xpath criteria: //*[@content-desc='Sign in']</msg>
<arg>${START_PAGE}</arg>
<arg>timeout=5s</arg>
<doc>Waits until the element specified by the ``locator`` is visible.</doc>
<status status="PASS" start="2026-04-24T18:24:43.145537" elapsed="0.626596"/>
</kw>
<arg>3x</arg>
<arg>2s</arg>
<arg>Wait Until Element Is Visible</arg>
<arg>${START_PAGE}</arg>
<arg>timeout=5s</arg>
<doc>Runs the specified keyword and retries if it fails.</doc>
<status status="PASS" start="2026-04-24T18:24:43.144401" elapsed="0.627856"/>
</kw>
<doc>Verify tapping the Back button on login page redirects to the Start page (m2.1.2)
START_PAGE locator: 'Sign in' (lowercase 'in') — the button text on the welcome/start screen</doc>
<tag>Email</tag>
<tag>Login</tag>
<tag>M2.1</tag>
<tag>Navigation</tag>
<tag>OTP</tag>
<tag>Positive</tag>
<status status="PASS" start="2026-04-24T18:24:42.969486" elapsed="0.803033"/>
</test>
<test id="s1-t6" name="TC_M2.1_013 - User Can Enter Details In Login Input Fields" line="485">
<kw name="Click Element" owner="AppiumLibrary">
<msg time="2026-04-24T18:24:43.776953" level="INFO">Clicking element 'xpath=//*[@content-desc='Sign in']'.</msg>
<msg time="2026-04-24T18:24:43.882470" level="INFO">xpath criteria: //*[@content-desc='Sign in']</msg>
<arg>${START_PAGE}</arg>
<doc>Clicks the element identified by ``locator``.</doc>
<status status="PASS" start="2026-04-24T18:24:43.773761" elapsed="0.108844"/>
</kw>
<kw name="Wait Until Element Is Visible" owner="AppiumLibrary">
<msg time="2026-04-24T18:24:44.615224" level="INFO">xpath criteria: //android.widget.EditText[@hint='Email Address']
xpath criteria: //android.widget.EditText[@hint='Email Address']</msg>
<arg>${EMAIL_FIELD}</arg>
<arg>timeout=15s</arg>
<doc>Waits until the element specified by the ``locator`` is visible.</doc>
<status status="PASS" start="2026-04-24T18:24:43.882811" elapsed="0.732527"/>
</kw>
<kw name="Click Element" owner="AppiumLibrary">
<msg time="2026-04-24T18:24:44.618368" level="INFO">Clicking element 'xpath=//android.widget.EditText[@hint='Email Address']'.</msg>
<msg time="2026-04-24T18:24:44.717759" level="INFO">xpath criteria: //android.widget.EditText[@hint='Email Address']</msg>
<arg>${EMAIL_FIELD}</arg>
<doc>Clicks the element identified by ``locator``.</doc>
<status status="PASS" start="2026-04-24T18:24:44.615540" elapsed="0.102346"/>
</kw>
<kw name="Input Text" owner="AppiumLibrary">
<msg time="2026-04-24T18:24:44.725040" level="INFO">Typing text 'jjavier+61@nmblr.ai' into text field 'xpath=//android.widget.EditText[@hint='Email Address']'</msg>
<msg time="2026-04-24T18:24:46.863869" level="INFO">xpath criteria: //android.widget.EditText[@hint='Email Address']</msg>
<arg>${EMAIL_FIELD}</arg>
<arg>${VALID_EMAIL_7}</arg>
<doc>Types the given ``text`` into the text field identified by ``locator``.</doc>
<status status="PASS" start="2026-04-24T18:24:44.718142" elapsed="2.148273"/>
</kw>
<kw name="Expect Element" owner="AppiumLibrary">
<msg time="2026-04-24T18:24:47.582228" level="INFO">xpath criteria: //android.widget.EditText[@hint='Email Address']</msg>
<arg>${EMAIL_FIELD}</arg>
<arg>visible</arg>
<doc>Verifies that the element with the given ``locator`` has the desired ``state`` (visible, not visible, enabled, disabled.)</doc>
<status status="PASS" start="2026-04-24T18:24:46.867872" elapsed="0.714471"/>
</kw>
<kw name="Run Keyword And Ignore Error" owner="BuiltIn">
<kw name="Hide Keyboard" owner="AppiumLibrary">
<doc>Hides the software keyboard on the device if it is currently visible.</doc>
<status status="PASS" start="2026-04-24T18:24:47.583591" elapsed="2.232705"/>
</kw>
<arg>Hide Keyboard</arg>
<doc>Runs the given keyword with the given arguments and ignores possible error.</doc>
<status status="PASS" start="2026-04-24T18:24:47.582642" elapsed="2.234364"/>
</kw>
<kw name="Sleep" owner="BuiltIn">
<msg time="2026-04-24T18:24:50.820829" level="INFO">Slept 1 second.</msg>
<arg>1s</arg>
<doc>Pauses the test executed for the given time.</doc>
<status status="PASS" start="2026-04-24T18:24:49.818279" elapsed="1.002808"/>
</kw>
<kw name="Run Keyword And Ignore Error" owner="BuiltIn">
<kw name="Swipe" owner="AppiumLibrary">
<msg time="2026-04-24T18:24:50.822663" level="FAIL">Keyword 'AppiumLibrary.Swipe' expected 0 non-named arguments, got 4.</msg>
<arg>500</arg>
<arg>900</arg>
<arg>500</arg>
<arg>600</arg>
<doc>Swipes from one point to another point, for an optional ``duration``.</doc>
<status status="FAIL" start="2026-04-24T18:24:50.822224" elapsed="0.000535">Keyword 'AppiumLibrary.Swipe' expected 0 non-named arguments, got 4.</status>
</kw>
<arg>Swipe</arg>
<arg>500</arg>
<arg>900</arg>
<arg>500</arg>
<arg>600</arg>
<doc>Runs the given keyword with the given arguments and ignores possible error.</doc>
<status status="PASS" start="2026-04-24T18:24:50.821463" elapsed="0.001399"/>
</kw>
<kw name="Wait Until Element Is Visible" owner="AppiumLibrary">
<msg time="2026-04-24T18:24:50.948629" level="INFO">xpath criteria: //android.widget.EditText[@hint='Password']</msg>
<arg>${PASSWORD_FIELD}</arg>
<arg>timeout=15s</arg>
<doc>Waits until the element specified by the ``locator`` is visible.</doc>
<status status="PASS" start="2026-04-24T18:24:50.823016" elapsed="0.125749"/>
</kw>
<kw name="Click Element" owner="AppiumLibrary">
<msg time="2026-04-24T18:24:50.951992" level="INFO">Clicking element 'xpath=//android.widget.EditText[@hint='Password']'.</msg>
<msg time="2026-04-24T18:24:51.101371" level="INFO">xpath criteria: //android.widget.EditText[@hint='Password']</msg>
<arg>${PASSWORD_FIELD}</arg>
<doc>Clicks the element identified by ``locator``.</doc>
<status status="PASS" start="2026-04-24T18:24:50.948996" elapsed="0.152491"/>
</kw>
<kw name="Input Text" owner="AppiumLibrary">
<msg time="2026-04-24T18:24:51.106052" level="INFO">Typing text 'Password!1' into text field 'xpath=//android.widget.EditText[@hint='Password']'</msg>
<msg time="2026-04-24T18:24:53.093166" level="INFO">xpath criteria: //android.widget.EditText[@hint='Password']</msg>
<arg>${PASSWORD_FIELD}</arg>
<arg>${VALID_PASSWORD}</arg>
<doc>Types the given ``text`` into the text field identified by ``locator``.</doc>
<status status="PASS" start="2026-04-24T18:24:51.101684" elapsed="1.992302"/>
</kw>
<kw name="Get Element Attribute" owner="AppiumLibrary">
<msg time="2026-04-24T18:24:53.824245" level="INFO">Element 'xpath=//android.widget.EditText[@hint='Password']' attribute 'password' value 'true' </msg>
<msg time="2026-04-24T18:24:53.824349" level="INFO">xpath criteria: //android.widget.EditText[@hint='Password']</msg>
<msg time="2026-04-24T18:24:53.824546" level="INFO">${pwd_attr} = true</msg>
<var>${pwd_attr}</var>
<arg>${PASSWORD_FIELD}</arg>
<arg>password</arg>
<doc>Returns the element attribute using the given ``attribute``, e.g. name, value, etc.</doc>
<status status="PASS" start="2026-04-24T18:24:53.095334" elapsed="0.729252"/>
</kw>
<kw name="Should Be Equal" owner="BuiltIn">
<arg>${pwd_attr}</arg>
<arg>true</arg>
<arg>msg=Password field should be masked</arg>
<doc>Fails if the given objects are unequal.</doc>
<status status="PASS" start="2026-04-24T18:24:53.824816" elapsed="0.000945"/>
</kw>
<doc>Verify user can tap and type in email and password fields, and password is masked (m2.1.3)</doc>
<tag>Email</tag>
<tag>Login</tag>
<tag>M2.1</tag>
<tag>OTP</tag>
<tag>Positive</tag>
<status status="PASS" start="2026-04-24T18:24:43.772937" elapsed="10.053091"/>
</test>
<test id="s1-t7" name="TC_M2.1_014 - Password Is Masked By Default And Eye Icon Toggles Visibility" line="510">
<kw name="Input Text" owner="AppiumLibrary">
<msg time="2026-04-24T18:24:53.828780" level="INFO">Typing text 'Password!1' into text field 'xpath=//android.widget.EditText[@hint='Password']'</msg>
<msg time="2026-04-24T18:24:53.930394" level="INFO">xpath criteria: //android.widget.EditText[@hint='Password']</msg>
<arg>${PASSWORD_FIELD}</arg>
<arg>${VALID_PASSWORD}</arg>
<doc>Types the given ``text`` into the text field identified by ``locator``.</doc>
<status status="PASS" start="2026-04-24T18:24:53.827469" elapsed="0.103038"/>
</kw>
<kw name="Get Element Attribute" owner="AppiumLibrary">
<msg time="2026-04-24T18:24:54.708121" level="INFO">Element 'xpath=//android.widget.EditText[@hint='Password']' attribute 'password' value 'true' </msg>
<msg time="2026-04-24T18:24:54.708219" level="INFO">xpath criteria: //android.widget.EditText[@hint='Password']</msg>
<msg time="2026-04-24T18:24:54.708323" level="INFO">${masked} = true</msg>
<var>${masked}</var>
<arg>${PASSWORD_FIELD}</arg>
<arg>password</arg>
<doc>Returns the element attribute using the given ``attribute``, e.g. name, value, etc.</doc>
<status status="PASS" start="2026-04-24T18:24:53.930719" elapsed="0.777633"/>
</kw>
<kw name="Should Be Equal" owner="BuiltIn">
<arg>${masked}</arg>
<arg>true</arg>
<arg>msg=Password should be masked by default</arg>
<doc>Fails if the given objects are unequal.</doc>
<status status="PASS" start="2026-04-24T18:24:54.708573" elapsed="0.000511"/>
</kw>
<kw name="Run Keyword And Return Status" owner="BuiltIn">
<kw name="Click Element" owner="AppiumLibrary">
<msg time="2026-04-24T18:24:54.712313" level="INFO">Clicking element 'xpath=//android.widget.EditText[@hint='Password']/following-sibling::android.view.ViewGroup'.</msg>
<msg time="2026-04-24T18:24:54.871180" level="INFO">xpath criteria: //android.widget.EditText[@hint='Password']/following-sibling::android.view.ViewGroup</msg>
<arg>xpath=//android.widget.EditText[@hint='Password']/following-sibling::android.view.ViewGroup</arg>
<doc>Clicks the element identified by ``locator``.</doc>
<status status="PASS" start="2026-04-24T18:24:54.709657" elapsed="0.161669"/>
</kw>
<msg time="2026-04-24T18:24:54.871499" level="INFO">${eye_found} = True</msg>
<var>${eye_found}</var>
<arg>Click Element</arg>
<arg>xpath=//android.widget.EditText[@hint='Password']/following-sibling::android.view.ViewGroup</arg>
<doc>Runs the specified keyword and returns the status as a Boolean value.</doc>
<status status="PASS" start="2026-04-24T18:24:54.709258" elapsed="0.162274"/>
</kw>
<kw name="Run Keyword If" owner="BuiltIn">
<arg>not ${eye_found}</arg>
<arg>Click Element</arg>
<arg>${EYE_ICON}</arg>
<doc>Runs the given keyword with the given arguments, if ``condition`` is true.</doc>
<status status="PASS" start="2026-04-24T18:24:54.871738" elapsed="0.005593"/>
</kw>
<kw name="Get Element Attribute" owner="AppiumLibrary">
<msg time="2026-04-24T18:24:55.725564" level="INFO">Element 'xpath=//android.widget.EditText[@hint='Password']' attribute 'password' value 'false' </msg>
<msg time="2026-04-24T18:24:55.725772" level="INFO">xpath criteria: //android.widget.EditText[@hint='Password']</msg>
<msg time="2026-04-24T18:24:55.726012" level="INFO">${revealed} = false</msg>
<var>${revealed}</var>
<arg>${PASSWORD_FIELD}</arg>
<arg>password</arg>
<doc>Returns the element attribute using the given ``attribute``, e.g. name, value, etc.</doc>
<status status="PASS" start="2026-04-24T18:24:54.877625" elapsed="0.848429"/>
</kw>
<kw name="Should Be Equal" owner="BuiltIn">
<arg>${revealed}</arg>
<arg>false</arg>
<arg>msg=Password should be visible after tapping eye icon</arg>
<doc>Fails if the given objects are unequal.</doc>
<status status="PASS" start="2026-04-24T18:24:55.726391" elapsed="0.000527"/>
</kw>
<kw name="Run Keyword And Return Status" owner="BuiltIn">
<kw name="Click Element" owner="AppiumLibrary">
<msg time="2026-04-24T18:24:55.730021" level="INFO">Clicking element 'xpath=//android.widget.EditText[@hint='Password']/following-sibling::android.view.ViewGroup'.</msg>
<msg time="2026-04-24T18:24:55.832363" level="INFO">xpath criteria: //android.widget.EditText[@hint='Password']/following-sibling::android.view.ViewGroup</msg>
<arg>xpath=//android.widget.EditText[@hint='Password']/following-sibling::android.view.ViewGroup</arg>
<doc>Clicks the element identified by ``locator``.</doc>
<status status="PASS" start="2026-04-24T18:24:55.727378" elapsed="0.105095"/>
</kw>
<msg time="2026-04-24T18:24:55.832638" level="INFO">${eye_found2} = True</msg>
<var>${eye_found2}</var>
<arg>Click Element</arg>
<arg>xpath=//android.widget.EditText[@hint='Password']/following-sibling::android.view.ViewGroup</arg>
<doc>Runs the specified keyword and returns the status as a Boolean value.</doc>
<status status="PASS" start="2026-04-24T18:24:55.727064" elapsed="0.105605"/>
</kw>
<kw name="Run Keyword If" owner="BuiltIn">
<arg>not ${eye_found2}</arg>
<arg>Click Element</arg>
<arg>${EYE_ICON}</arg>
<doc>Runs the given keyword with the given arguments, if ``condition`` is true.</doc>
<status status="PASS" start="2026-04-24T18:24:55.832862" elapsed="0.000493"/>
</kw>
<kw name="Get Element Attribute" owner="AppiumLibrary">
<msg time="2026-04-24T18:24:57.334772" level="INFO">Element 'xpath=//android.widget.EditText[@hint='Password']' attribute 'password' value 'true' </msg>
<msg time="2026-04-24T18:24:57.334906" level="INFO">xpath criteria: //android.widget.EditText[@hint='Password']</msg>
<msg time="2026-04-24T18:24:57.335085" level="INFO">${re_masked} = true</msg>
<var>${re_masked}</var>
<arg>${PASSWORD_FIELD}</arg>
<arg>password</arg>
<doc>Returns the element attribute using the given ``attribute``, e.g. name, value, etc.</doc>
<status status="PASS" start="2026-04-24T18:24:55.833483" elapsed="1.501659"/>
</kw>
<kw name="Should Be Equal" owner="BuiltIn">
<arg>${re_masked}</arg>
<arg>true</arg>
<arg>msg=Password should be masked again after second eye icon tap</arg>
<doc>Fails if the given objects are unequal.</doc>
<status status="PASS" start="2026-04-24T18:24:57.335394" elapsed="0.000659"/>
</kw>
<doc>Verify password is masked by default and eye icon toggles plain text/masked view (m2.1.4)
Eye icon: try coordinate-based tap first, then fall back to sibling ViewGroup of password field.
Run Appium Inspector to confirm exact locator if this test fails.</doc>
<tag>Email</tag>
<tag>Login</tag>
<tag>M2.1</tag>
<tag>OTP</tag>
<tag>Positive</tag>
<status status="PASS" start="2026-04-24T18:24:53.826741" elapsed="3.509493"/>
</test>
<test id="s1-t8" name="TC_M2.1_015 - Resend Code Is Disabled During Cooldown Then Enabled After 1 Minute" line="539">
<kw name="Navigate To OTP Screen" owner="common">
<kw name="Input Text" owner="AppiumLibrary">
<msg time="2026-04-24T18:24:57.339081" level="INFO">Typing text 'jjavier+64@nmblr.ai' into text field 'xpath=//android.widget.EditText[@hint='Email Address']'</msg>
<msg time="2026-04-24T18:24:58.138395" level="INFO">xpath criteria: //android.widget.EditText[@hint='Email Address']</msg>
<arg>xpath=//android.widget.EditText[@hint='Email Address']</arg>
<arg>${email}</arg>
<doc>Types the given ``text`` into the text field identified by ``locator``.</doc>
<status status="PASS" start="2026-04-24T18:24:57.337644" elapsed="0.801054"/>
</kw>
<kw name="Input Text" owner="AppiumLibrary">
<msg time="2026-04-24T18:24:58.142701" level="INFO">Typing text 'Password!1' into text field 'xpath=//android.widget.EditText[@hint='Password']'</msg>
<msg time="2026-04-24T18:24:59.504647" level="INFO">xpath criteria: //android.widget.EditText[@hint='Password']</msg>
<arg>xpath=//android.widget.EditText[@hint='Password']</arg>
<arg>${password}</arg>
<doc>Types the given ``text`` into the text field identified by ``locator``.</doc>
<status status="PASS" start="2026-04-24T18:24:58.139265" elapsed="1.365522"/>
</kw>
<kw name="Click Element" owner="AppiumLibrary">
<msg time="2026-04-24T18:24:59.508299" level="INFO">Clicking element 'accessibility_id=Sign in'.</msg>
<arg>accessibility_id=Sign in</arg>
<doc>Clicks the element identified by ``locator``.</doc>
<status status="PASS" start="2026-04-24T18:24:59.505045" elapsed="0.968404"/>
</kw>
<kw name="Wait Until Element Is Visible" owner="AppiumLibrary">
<msg time="2026-04-24T18:25:03.754737" level="INFO">xpath criteria: //android.widget.TextView[@text='OTP Verification']
xpath criteria: //android.widget.TextView[@text='OTP Verification']</msg>
<arg>xpath=//android.widget.TextView[@text='OTP Verification']</arg>
<arg>timeout=15s</arg>
<doc>Waits until the element specified by the ``locator`` is visible.</doc>
<status status="PASS" start="2026-04-24T18:25:00.473783" elapsed="3.281841"/>
</kw>
<arg>${VALID_EMAIL_9}</arg>
<arg>${VALID_PASSWORD}</arg>
<status status="PASS" start="2026-04-24T18:24:57.337309" elapsed="6.419012"/>
</kw>
<kw name="Sleep" owner="BuiltIn">
<msg time="2026-04-24T18:26:33.762366" level="INFO">Slept 1 minute 30 seconds.</msg>
<arg>90s</arg>
<doc>Pauses the test executed for the given time.</doc>
<status status="PASS" start="2026-04-24T18:25:03.757241" elapsed="90.007227"/>
</kw>
<kw name="Get Element Attribute" owner="AppiumLibrary">
<msg time="2026-04-24T18:26:33.882761" level="INFO">Element 'xpath=//android.widget.TextView[@text='Resend code']' attribute 'enabled' value 'true' </msg>
<msg time="2026-04-24T18:26:33.882890" level="INFO">xpath criteria: //android.widget.TextView[@text='Resend code']</msg>
<msg time="2026-04-24T18:26:33.883081" level="INFO">${enabled_after} = true</msg>
<var>${enabled_after}</var>
<arg>${RESEND_CODE_LINK}</arg>
<arg>enabled</arg>
<doc>Returns the element attribute using the given ``attribute``, e.g. name, value, etc.</doc>
<status status="PASS" start="2026-04-24T18:26:33.766357" elapsed="0.116757"/>
</kw>
<kw name="Should Be Equal" owner="BuiltIn">
<arg>${enabled_after}</arg>
<arg>true</arg>
<arg>msg=Resend code should be enabled after cooldown</arg>
<doc>Fails if the given objects are unequal.</doc>
<status status="PASS" start="2026-04-24T18:26:33.883383" elapsed="0.001004"/>
</kw>
<doc>Verify Resend code is not clickable during 1-min cooldown, then becomes clickable after it expires (m2.1.8)</doc>
<tag>Email</tag>
<tag>Login</tag>
<tag>M2.1</tag>
<tag>OTP</tag>
<tag>Positive</tag>
<status status="PASS" start="2026-04-24T18:24:57.336565" elapsed="96.548119"/>
</test>
<test id="s1-t9" name="TC_M2.1_016 - User Can Request New OTP After Cooldown And Login Successfully" line="558">
<kw name="Get Element Attribute" owner="AppiumLibrary">
<msg time="2026-04-24T18:26:33.950433" level="INFO">Element 'xpath=//android.widget.TextView[@text='Resend code']' attribute 'enabled' value 'true' </msg>
<msg time="2026-04-24T18:26:33.950541" level="INFO">xpath criteria: //android.widget.TextView[@text='Resend code']</msg>
<msg time="2026-04-24T18:26:33.950649" level="INFO">${enabled} = true</msg>
<var>${enabled}</var>
<arg>${RESEND_CODE_LINK}</arg>
<arg>enabled</arg>
<doc>Returns the element attribute using the given ``attribute``, e.g. name, value, etc.</doc>
<status status="PASS" start="2026-04-24T18:26:33.886837" elapsed="0.063842"/>
</kw>
<kw name="Should Be Equal" owner="BuiltIn">
<arg>${enabled}</arg>
<arg>true</arg>
<arg>msg=Resend code should be enabled after cooldown</arg>
<doc>Fails if the given objects are unequal.</doc>
<status status="PASS" start="2026-04-24T18:26:33.950881" elapsed="0.000503"/>
</kw>
<kw name="Click Element" owner="AppiumLibrary">
<msg time="2026-04-24T18:26:33.954274" level="INFO">Clicking element 'xpath=//android.widget.TextView[@text='Resend code']'.</msg>
<msg time="2026-04-24T18:26:34.090199" level="INFO">xpath criteria: //android.widget.TextView[@text='Resend code']</msg>
<arg>${RESEND_CODE_LINK}</arg>
<doc>Clicks the element identified by ``locator``.</doc>
<status status="PASS" start="2026-04-24T18:26:33.951632" elapsed="0.138743"/>
</kw>
<kw name="Wait Until Element Is Visible" owner="AppiumLibrary">
<msg time="2026-04-24T18:26:34.769591" level="INFO">xpath criteria: //android.widget.TextView[@text='OTP Verification']</msg>
<arg>${OTP_SCREEN}</arg>
<arg>timeout=10s</arg>
<doc>Waits until the element specified by the ``locator`` is visible.</doc>
<status status="PASS" start="2026-04-24T18:26:34.091556" elapsed="0.678181"/>
</kw>
<kw name="Enter OTP Into Boxes" owner="common">
<kw name="Click Element" owner="AppiumLibrary">
<msg time="2026-04-24T18:26:34.775742" level="INFO">Clicking element 'xpath=(//android.widget.EditText)[1]'.</msg>
<msg time="2026-04-24T18:26:34.919607" level="INFO">xpath criteria: (//android.widget.EditText)[1]</msg>
<arg>xpath=(//android.widget.EditText)[1]</arg>
<doc>Clicks the element identified by ``locator``.</doc>
<status status="PASS" start="2026-04-24T18:26:34.773411" elapsed="0.146329"/>
</kw>
<kw name="Input Text" owner="AppiumLibrary">
<msg time="2026-04-24T18:26:34.923639" level="INFO">Typing text '1' into text field 'xpath=(//android.widget.EditText)[1]'</msg>
<msg time="2026-04-24T18:26:36.226032" level="INFO">xpath criteria: (//android.widget.EditText)[1]</msg>
<arg>xpath=(//android.widget.EditText)[1]</arg>
<arg>${d1}</arg>
<doc>Types the given ``text`` into the text field identified by ``locator``.</doc>
<status status="PASS" start="2026-04-24T18:26:34.919975" elapsed="1.309607"/>
</kw>
<kw name="Wait Until Element Is Visible" owner="AppiumLibrary">
<msg time="2026-04-24T18:26:37.276059" level="INFO">xpath criteria: (//android.widget.EditText)[2]</msg>
<arg>xpath=(//android.widget.EditText)[2]</arg>
<arg>timeout=10s</arg>
<doc>Waits until the element specified by the ``locator`` is visible.</doc>
<status status="PASS" start="2026-04-24T18:26:36.231214" elapsed="1.044954"/>
</kw>
<kw name="Input Text" owner="AppiumLibrary">
<msg time="2026-04-24T18:26:37.280086" level="INFO">Typing text '2' into text field 'xpath=(//android.widget.EditText)[2]'</msg>
<msg time="2026-04-24T18:26:37.354895" level="INFO">xpath criteria: (//android.widget.EditText)[2]</msg>
<arg>xpath=(//android.widget.EditText)[2]</arg>
<arg>${d2}</arg>
<doc>Types the given ``text`` into the text field identified by ``locator``.</doc>
<status status="PASS" start="2026-04-24T18:26:37.276390" elapsed="0.078769"/>
</kw>
<kw name="Wait Until Element Is Visible" owner="AppiumLibrary">
<msg time="2026-04-24T18:26:38.235647" level="INFO">xpath criteria: (//android.widget.EditText)[3]</msg>
<arg>xpath=(//android.widget.EditText)[3]</arg>
<arg>timeout=10s</arg>
<doc>Waits until the element specified by the ``locator`` is visible.</doc>
<status status="PASS" start="2026-04-24T18:26:37.355666" elapsed="0.880090"/>
</kw>
<kw name="Input Text" owner="AppiumLibrary">
<msg time="2026-04-24T18:26:38.239095" level="INFO">Typing text '3' into text field 'xpath=(//android.widget.EditText)[3]'</msg>
<msg time="2026-04-24T18:26:38.311657" level="INFO">xpath criteria: (//android.widget.EditText)[3]</msg>
<arg>xpath=(//android.widget.EditText)[3]</arg>
<arg>${d3}</arg>
<doc>Types the given ``text`` into the text field identified by ``locator``.</doc>
<status status="PASS" start="2026-04-24T18:26:38.235954" elapsed="0.075848"/>
</kw>
<kw name="Wait Until Element Is Visible" owner="AppiumLibrary">
<msg time="2026-04-24T18:26:39.267571" level="INFO">xpath criteria: (//android.widget.EditText)[4]</msg>
<arg>xpath=(//android.widget.EditText)[4]</arg>
<arg>timeout=10s</arg>
<doc>Waits until the element specified by the ``locator`` is visible.</doc>
<status status="PASS" start="2026-04-24T18:26:38.312007" elapsed="0.955688"/>
</kw>
<kw name="Input Text" owner="AppiumLibrary">
<msg time="2026-04-24T18:26:39.270926" level="INFO">Typing text '4' into text field 'xpath=(//android.widget.EditText)[4]'</msg>
<msg time="2026-04-24T18:26:39.367389" level="INFO">xpath criteria: (//android.widget.EditText)[4]</msg>
<arg>xpath=(//android.widget.EditText)[4]</arg>
<arg>${d4}</arg>
<doc>Types the given ``text`` into the text field identified by ``locator``.</doc>
<status status="PASS" start="2026-04-24T18:26:39.267899" elapsed="0.099830"/>
</kw>
<kw name="Wait Until Element Is Visible" owner="AppiumLibrary">
<msg time="2026-04-24T18:26:40.276063" level="INFO">xpath criteria: (//android.widget.EditText)[5]</msg>
<arg>xpath=(//android.widget.EditText)[5]</arg>
<arg>timeout=10s</arg>
<doc>Waits until the element specified by the ``locator`` is visible.</doc>
<status status="PASS" start="2026-04-24T18:26:39.368287" elapsed="0.907895"/>
</kw>
<kw name="Input Text" owner="AppiumLibrary">
<msg time="2026-04-24T18:26:40.279308" level="INFO">Typing text '5' into text field 'xpath=(//android.widget.EditText)[5]'</msg>
<msg time="2026-04-24T18:26:40.322593" level="INFO">xpath criteria: (//android.widget.EditText)[5]</msg>
<arg>xpath=(//android.widget.EditText)[5]</arg>
<arg>${d5}</arg>
<doc>Types the given ``text`` into the text field identified by ``locator``.</doc>
<status status="PASS" start="2026-04-24T18:26:40.276383" elapsed="0.046362"/>
</kw>
<kw name="Wait Until Element Is Visible" owner="AppiumLibrary">
<msg time="2026-04-24T18:26:41.376902" level="INFO">xpath criteria: (//android.widget.EditText)[6]</msg>
<arg>xpath=(//android.widget.EditText)[6]</arg>
<arg>timeout=10s</arg>
<doc>Waits until the element specified by the ``locator`` is visible.</doc>
<status status="PASS" start="2026-04-24T18:26:40.322942" elapsed="1.054075"/>
</kw>
<kw name="Input Text" owner="AppiumLibrary">
<msg time="2026-04-24T18:26:41.385830" level="INFO">Typing text '6' into text field 'xpath=(//android.widget.EditText)[6]'</msg>
<msg time="2026-04-24T18:26:41.465257" level="INFO">xpath criteria: (//android.widget.EditText)[6]</msg>
<arg>xpath=(//android.widget.EditText)[6]</arg>
<arg>${d6}</arg>
<doc>Types the given ``text`` into the text field identified by ``locator``.</doc>
<status status="PASS" start="2026-04-24T18:26:41.377581" elapsed="0.087844"/>
</kw>
<kw name="Sleep" owner="BuiltIn">
<msg time="2026-04-24T18:26:49.468164" level="INFO">Slept 8 seconds.</msg>
<arg>${post_sleep}</arg>
<doc>Pauses the test executed for the given time.</doc>
<status status="PASS" start="2026-04-24T18:26:41.465829" elapsed="8.002838"/>
</kw>
<arg>1</arg>
<arg>2</arg>
<arg>3</arg>
<arg>4</arg>
<arg>5</arg>
<arg>6</arg>
<status status="PASS" start="2026-04-24T18:26:34.770540" elapsed="14.698480"/>
</kw>
<kw name="Wait Until Element Is Visible" owner="AppiumLibrary">
<msg time="2026-04-24T18:26:49.604477" level="INFO">xpath criteria: //android.widget.TextView[@text='Home']</msg>
<arg>${HOME_SCREEN}</arg>
<arg>timeout=30s</arg>
<doc>Waits until the element specified by the ``locator`` is visible.</doc>
<status status="PASS" start="2026-04-24T18:26:49.469694" elapsed="0.134903"/>
</kw>
<kw name="Expect Element" owner="AppiumLibrary">
<msg time="2026-04-24T18:26:49.673494" level="INFO">xpath criteria: //android.widget.TextView[@text='Home']</msg>
<arg>${HOME_SCREEN}</arg>
<arg>visible</arg>
<doc>Verifies that the element with the given ``locator`` has the desired ``state`` (visible, not visible, enabled, disabled.)</doc>
<status status="PASS" start="2026-04-24T18:26:49.604914" elapsed="0.068690"/>
</kw>
<doc>Verify user can tap Resend code after cooldown, receive new OTP, and log in (m2.1.9)</doc>
<tag>Email</tag>
<tag>Login</tag>
<tag>M2.1</tag>
<tag>OTP</tag>
<tag>Positive</tag>
<status status="PASS" start="2026-04-24T18:26:33.886094" elapsed="15.787820"/>
</test>
<test id="s1-t10" name="TC_M2.1_026 - Failed Login Counter Resets After Successful Login" line="577">
<kw name="Open Higala App" owner="common" type="SETUP">
<kw name="Run Keyword And Ignore Error" owner="BuiltIn">
<kw name="Close Application" owner="AppiumLibrary">
<doc>Closes the current application and the webdriver session.</doc>
<status status="PASS" start="2026-04-24T18:26:49.677927" elapsed="0.780219"/>
</kw>
<arg>Close Application</arg>
<doc>Runs the given keyword with the given arguments and ignores possible error.</doc>
<status status="PASS" start="2026-04-24T18:26:49.677297" elapsed="0.780957"/>
</kw>
<kw name="Sleep" owner="BuiltIn">
<msg time="2026-04-24T18:26:52.460303" level="INFO">Slept 2 seconds.</msg>
<arg>2s</arg>
<doc>Pauses the test executed for the given time.</doc>
<status status="PASS" start="2026-04-24T18:26:50.458422" elapsed="2.003940"/>
</kw>
<kw name="Open Application" owner="AppiumLibrary">
<arg>${APPIUM_SERVER}</arg>
<arg>platformName=${PLATFORM}</arg>
<arg>deviceName=${DEVICE_NAME}</arg>
<arg>appPackage=${APP_PACKAGE}</arg>
<arg>appActivity=${APP_ACTIVITY}</arg>
<arg>automationName=UiAutomator2</arg>
<arg>noReset=${True}</arg>
<arg>skipDeviceInitialization=${True}</arg>
<arg>ignoreHiddenApiPolicyError=${True}</arg>
<arg>enforceXPath1=${True}</arg>
<arg>adbExecTimeout=120000</arg>
<arg>uiautomator2ServerLaunchTimeout=120000</arg>
<arg>uiautomator2ServerInstallTimeout=300000</arg>
<arg>skipServerInstallation=${False}</arg>
<arg>newCommandTimeout=300</arg>
<doc>Opens a new application to the given Appium server.
Capabilities of appium server, Android and iOS,
Please check https://appium.io/docs/en/2.19/guides/caps/
| *Option*            | *Man.* | *Description*     |
| remote_url          | Yes    | Appium server url |
| alias               | No     | alias             |</doc>
<status status="PASS" start="2026-04-24T18:26:52.466659" elapsed="3.573916"/>
</kw>
<kw name="Sleep" owner="BuiltIn">
<msg time="2026-04-24T18:26:59.043853" level="INFO">Slept 3 seconds.</msg>
<arg>3s</arg>
<doc>Pauses the test executed for the given time.</doc>
<status status="PASS" start="2026-04-24T18:26:56.041606" elapsed="3.002676"/>
</kw>
<kw name="Navigate To Login Page" owner="common">
<kw name="Run" owner="OperatingSystem">
<msg time="2026-04-24T18:26:59.055399" level="INFO">Running command 'adb -s emulator-5554 shell pm clear com.higala.ruralbanksanantonioitg 2&gt;&amp;1'.</msg>
<arg>adb -s ${DEVICE_NAME} shell pm clear ${APP_PACKAGE}</arg>
<doc>_This keyword is considered deprecated. Use the
[http://robotframework.org/robotframework/latest/libraries/Process.html|
Process] library instead._</doc>
<status status="PASS" start="2026-04-24T18:26:59.046394" elapsed="0.544772"/>
</kw>
<kw name="Run" owner="OperatingSystem">
<msg time="2026-04-24T18:26:59.598968" level="INFO">Running command 'adb -s emulator-5554 shell am force-stop com.higala.ruralbanksanantonioitg 2&gt;&amp;1'.</msg>
<arg>adb -s ${DEVICE_NAME} shell am force-stop ${APP_PACKAGE}</arg>
<doc>_This keyword is considered deprecated. Use the
[http://robotframework.org/robotframework/latest/libraries/Process.html|
Process] library instead._</doc>
<status status="PASS" start="2026-04-24T18:26:59.593187" elapsed="0.218106"/>
</kw>
<kw name="Sleep" owner="BuiltIn">
<msg time="2026-04-24T18:27:02.815501" level="INFO">Slept 3 seconds.</msg>
<arg>3s</arg>
<doc>Pauses the test executed for the given time.</doc>
<status status="PASS" start="2026-04-24T18:26:59.811868" elapsed="3.005128"/>
</kw>
<kw name="Activate Application" owner="AppiumLibrary">
<arg>${APP_PACKAGE}</arg>
<doc>Activates the application if it is not running or is running in the background.</doc>
<status status="PASS" start="2026-04-24T18:27:02.819061" elapsed="0.261111"/>
</kw>
<kw name="Sleep" owner="BuiltIn">
<msg time="2026-04-24T18:27:18.082994" level="INFO">Slept 15 seconds.</msg>
<arg>15s</arg>
<doc>Pauses the test executed for the given time.</doc>
<status status="PASS" start="2026-04-24T18:27:03.080501" elapsed="15.004151"/>
</kw>
<kw name="Wait Until Element Is Visible" owner="AppiumLibrary">
<msg time="2026-04-24T18:27:18.328934" level="INFO">xpath criteria: //*[@content-desc='Sign in']</msg>
<arg>xpath=//*[@content-desc='Sign in']</arg>
<arg>timeout=30s</arg>
<doc>Waits until the element specified by the ``locator`` is visible.</doc>
<status status="PASS" start="2026-04-24T18:27:18.086102" elapsed="0.242956"/>
</kw>
<kw name="Click Element" owner="AppiumLibrary">
<msg time="2026-04-24T18:27:18.332952" level="INFO">Clicking element 'xpath=//*[@content-desc='Sign in']'.</msg>
<msg time="2026-04-24T18:27:18.560145" level="INFO">xpath criteria: //*[@content-desc='Sign in']</msg>
<arg>xpath=//*[@content-desc='Sign in']</arg>
<doc>Clicks the element identified by ``locator``.</doc>
<status status="PASS" start="2026-04-24T18:27:18.329331" elapsed="0.230949"/>
</kw>
<kw name="Wait Until Element Is Visible" owner="AppiumLibrary">
<msg time="2026-04-24T18:27:19.614760" level="INFO">xpath criteria: //android.widget.EditText[@hint='Email Address']
xpath criteria: //android.widget.EditText[@hint='Email Address']</msg>
<arg>xpath=//android.widget.EditText[@hint='Email Address']</arg>
<arg>timeout=15s</arg>
<doc>Waits until the element specified by the ``locator`` is visible.</doc>
<status status="PASS" start="2026-04-24T18:27:18.560538" elapsed="1.054870"/>
</kw>
<status status="PASS" start="2026-04-24T18:26:59.045305" elapsed="20.570667"/>
</kw>
<status status="PASS" start="2026-04-24T18:26:49.676721" elapsed="29.939368"/>
</kw>
<kw name="Input Text" owner="AppiumLibrary">
<msg time="2026-04-24T18:27:19.620642" level="INFO">Typing text 'jjavier+61@nmblr.ai' into text field 'xpath=//android.widget.EditText[@hint='Email Address']'</msg>
<msg time="2026-04-24T18:27:20.243457" level="INFO">xpath criteria: //android.widget.EditText[@hint='Email Address']</msg>
<arg>${EMAIL_FIELD}</arg>
<arg>${VALID_EMAIL_7}</arg>
<doc>Types the given ``text`` into the text field identified by ``locator``.</doc>
<status status="PASS" start="2026-04-24T18:27:19.617054" elapsed="0.626549"/>
</kw>
<kw name="Input Text" owner="AppiumLibrary">
<msg time="2026-04-24T18:27:20.247383" level="INFO">Typing text 'WrongPass@999' into text field 'xpath=//android.widget.EditText[@hint='Password']'</msg>
<msg time="2026-04-24T18:27:21.377058" level="INFO">xpath criteria: //android.widget.EditText[@hint='Password']</msg>
<arg>${PASSWORD_FIELD}</arg>
<arg>${WRONG_PASSWORD}</arg>
<doc>Types the given ``text`` into the text field identified by ``locator``.</doc>
<status status="PASS" start="2026-04-24T18:27:20.243857" elapsed="1.133298"/>
</kw>
<kw name="Click Element" owner="AppiumLibrary">
<msg time="2026-04-24T18:27:21.378867" level="INFO">Clicking element 'accessibility_id=Sign in'.</msg>
<arg>${LOGIN_BUTTON}</arg>
<doc>Clicks the element identified by ``locator``.</doc>
<status status="PASS" start="2026-04-24T18:27:21.377356" elapsed="0.620779"/>
</kw>
<kw name="Wait Until Element Is Visible" owner="AppiumLibrary">
<msg time="2026-04-24T18:27:23.624045" level="INFO">xpath criteria: //android.widget.TextView[contains(@text,'Incorrect') or contains(@text,'incorrect') or contains(@text,'Invalid') or contains(@text,'invalid') or contains(@text,'required') or contains(@text,'error') or contains(@text,'Error')]
xpath criteria: //android.widget.TextView[contains(@text,'Incorrect') or contains(@text,'incorrect') or contains(@text,'Invalid') or contains(@text,'invalid') or contains(@text,'required') or contains(@text,'error') or contains(@text,'Error')]</msg>
<arg>${ERROR_MESSAGE}</arg>
<arg>timeout=10s</arg>
<doc>Waits until the element specified by the ``locator`` is visible.</doc>
<status status="PASS" start="2026-04-24T18:27:22.000426" elapsed="1.623771"/>
</kw>
<kw name="Input Text" owner="AppiumLibrary">
<msg time="2026-04-24T18:27:23.627821" level="INFO">Typing text 'jjavier+61@nmblr.ai' into text field 'xpath=//android.widget.EditText[@hint='Email Address']'</msg>
<msg time="2026-04-24T18:27:24.357877" level="INFO">xpath criteria: //android.widget.EditText[@hint='Email Address']</msg>
<arg>${EMAIL_FIELD}</arg>
<arg>${VALID_EMAIL_7}</arg>
<doc>Types the given ``text`` into the text field identified by ``locator``.</doc>
<status status="PASS" start="2026-04-24T18:27:23.624450" elapsed="0.733673"/>
</kw>
<kw name="Input Text" owner="AppiumLibrary">
<msg time="2026-04-24T18:27:24.362611" level="INFO">Typing text 'Password!1' into text field 'xpath=//android.widget.EditText[@hint='Password']'</msg>
<msg time="2026-04-24T18:27:25.748766" level="INFO">xpath criteria: //android.widget.EditText[@hint='Password']</msg>
<arg>${PASSWORD_FIELD}</arg>
<arg>${VALID_PASSWORD}</arg>
<doc>Types the given ``text`` into the text field identified by ``locator``.</doc>
<status status="PASS" start="2026-04-24T18:27:24.358594" elapsed="1.390319"/>
</kw>
<kw name="Click Element" owner="AppiumLibrary">
<msg time="2026-04-24T18:27:25.752189" level="INFO">Clicking element 'accessibility_id=Sign in'.</msg>
<arg>${LOGIN_BUTTON}</arg>
<doc>Clicks the element identified by ``locator``.</doc>
<status status="PASS" start="2026-04-24T18:27:25.749210" elapsed="0.747852"/>
</kw>
<kw name="Wait Until Element Is Visible" owner="AppiumLibrary">
<msg time="2026-04-24T18:27:28.205943" level="INFO">xpath criteria: //android.widget.TextView[@text='OTP Verification']
xpath criteria: //android.widget.TextView[@text='OTP Verification']</msg>
<arg>${OTP_SCREEN}</arg>
<arg>timeout=30s</arg>
<doc>Waits until the element specified by the ``locator`` is visible.</doc>
<status status="PASS" start="2026-04-24T18:27:26.497364" elapsed="1.708839"/>
</kw>
<kw name="Enter OTP Into Boxes" owner="common">
<kw name="Click Element" owner="AppiumLibrary">
<msg time="2026-04-24T18:27:28.211683" level="INFO">Clicking element 'xpath=(//android.widget.EditText)[1]'.</msg>
<msg time="2026-04-24T18:27:28.321998" level="INFO">xpath criteria: (//android.widget.EditText)[1]</msg>
<arg>xpath=(//android.widget.EditText)[1]</arg>
<doc>Clicks the element identified by ``locator``.</doc>
<status status="PASS" start="2026-04-24T18:27:28.208774" elapsed="0.113353"/>
</kw>
<kw name="Input Text" owner="AppiumLibrary">
<msg time="2026-04-24T18:27:28.327489" level="INFO">Typing text '1' into text field 'xpath=(//android.widget.EditText)[1]'</msg>
<msg time="2026-04-24T18:27:29.671200" level="INFO">xpath criteria: (//android.widget.EditText)[1]</msg>
<arg>xpath=(//android.widget.EditText)[1]</arg>
<arg>${d1}</arg>
<doc>Types the given ``text`` into the text field identified by ``locator``.</doc>
<status status="PASS" start="2026-04-24T18:27:28.322370" elapsed="1.351736"/>
</kw>
<kw name="Wait Until Element Is Visible" owner="AppiumLibrary">
<msg time="2026-04-24T18:27:30.562691" level="INFO">xpath criteria: (//android.widget.EditText)[2]</msg>
<arg>xpath=(//android.widget.EditText)[2]</arg>
<arg>timeout=10s</arg>
<doc>Waits until the element specified by the ``locator`` is visible.</doc>
<status status="PASS" start="2026-04-24T18:27:29.680060" elapsed="0.882743"/>
</kw>
<kw name="Input Text" owner="AppiumLibrary">
<msg time="2026-04-24T18:27:30.566686" level="INFO">Typing text '2' into text field 'xpath=(//android.widget.EditText)[2]'</msg>
<msg time="2026-04-24T18:27:30.631628" level="INFO">xpath criteria: (//android.widget.EditText)[2]</msg>
<arg>xpath=(//android.widget.EditText)[2]</arg>
<arg>${d2}</arg>
<doc>Types the given ``text`` into the text field identified by ``locator``.</doc>
<status status="PASS" start="2026-04-24T18:27:30.563029" elapsed="0.068707"/>
</kw>
<kw name="Wait Until Element Is Visible" owner="AppiumLibrary">
<msg time="2026-04-24T18:27:31.495415" level="INFO">xpath criteria: (//android.widget.EditText)[3]</msg>
<arg>xpath=(//android.widget.EditText)[3]</arg>
<arg>timeout=10s</arg>
<doc>Waits until the element specified by the ``locator`` is visible.</doc>
<status status="PASS" start="2026-04-24T18:27:30.631954" elapsed="0.864073"/>
</kw>
<kw name="Input Text" owner="AppiumLibrary">
<msg time="2026-04-24T18:27:31.502082" level="INFO">Typing text '3' into text field 'xpath=(//android.widget.EditText)[3]'</msg>
<msg time="2026-04-24T18:27:31.581419" level="INFO">xpath criteria: (//android.widget.EditText)[3]</msg>
<arg>xpath=(//android.widget.EditText)[3]</arg>
<arg>${d3}</arg>
<doc>Types the given ``text`` into the text field identified by ``locator``.</doc>
<status status="PASS" start="2026-04-24T18:27:31.497197" elapsed="0.084331"/>
</kw>
<kw name="Wait Until Element Is Visible" owner="AppiumLibrary">
<msg time="2026-04-24T18:27:32.570075" level="INFO">xpath criteria: (//android.widget.EditText)[4]</msg>
<arg>xpath=(//android.widget.EditText)[4]</arg>
<arg>timeout=10s</arg>
<doc>Waits until the element specified by the ``locator`` is visible.</doc>
<status status="PASS" start="2026-04-24T18:27:31.581773" elapsed="0.988464"/>
</kw>
<kw name="Input Text" owner="AppiumLibrary">
<msg time="2026-04-24T18:27:32.574746" level="INFO">Typing text '4' into text field 'xpath=(//android.widget.EditText)[4]'</msg>
<msg time="2026-04-24T18:27:32.710822" level="INFO">xpath criteria: (//android.widget.EditText)[4]</msg>
<arg>xpath=(//android.widget.EditText)[4]</arg>
<arg>${d4}</arg>
<doc>Types the given ``text`` into the text field identified by ``locator``.</doc>
<status status="PASS" start="2026-04-24T18:27:32.570504" elapsed="0.140605"/>
</kw>
<kw name="Wait Until Element Is Visible" owner="AppiumLibrary">
<msg time="2026-04-24T18:27:33.657198" level="INFO">xpath criteria: (//android.widget.EditText)[5]</msg>
<arg>xpath=(//android.widget.EditText)[5]</arg>
<arg>timeout=10s</arg>
<doc>Waits until the element specified by the ``locator`` is visible.</doc>
<status status="PASS" start="2026-04-24T18:27:32.711540" elapsed="0.945769"/>
</kw>
<kw name="Input Text" owner="AppiumLibrary">
<msg time="2026-04-24T18:27:33.660402" level="INFO">Typing text '5' into text field 'xpath=(//android.widget.EditText)[5]'</msg>
<msg time="2026-04-24T18:27:33.716506" level="INFO">xpath criteria: (//android.widget.EditText)[5]</msg>
<arg>xpath=(//android.widget.EditText)[5]</arg>
<arg>${d5}</arg>
<doc>Types the given ``text`` into the text field identified by ``locator``.</doc>
<status status="PASS" start="2026-04-24T18:27:33.657504" elapsed="0.059109"/>
</kw>
<kw name="Wait Until Element Is Visible" owner="AppiumLibrary">
<msg time="2026-04-24T18:27:34.654148" level="INFO">xpath criteria: (//android.widget.EditText)[6]</msg>
<arg>xpath=(//android.widget.EditText)[6]</arg>
<arg>timeout=10s</arg>
<doc>Waits until the element specified by the ``locator`` is visible.</doc>
<status status="PASS" start="2026-04-24T18:27:33.716805" elapsed="0.937516"/>
</kw>
<kw name="Input Text" owner="AppiumLibrary">
<msg time="2026-04-24T18:27:34.658812" level="INFO">Typing text '6' into text field 'xpath=(//android.widget.EditText)[6]'</msg>
<msg time="2026-04-24T18:27:34.726878" level="INFO">xpath criteria: (//android.widget.EditText)[6]</msg>
<arg>xpath=(//android.widget.EditText)[6]</arg>
<arg>${d6}</arg>
<doc>Types the given ``text`` into the text field identified by ``locator``.</doc>
<status status="PASS" start="2026-04-24T18:27:34.654683" elapsed="0.072309"/>
</kw>
<kw name="Sleep" owner="BuiltIn">
<msg time="2026-04-24T18:27:42.730668" level="INFO">Slept 8 seconds.</msg>
<arg>${post_sleep}</arg>
<doc>Pauses the test executed for the given time.</doc>
<status status="PASS" start="2026-04-24T18:27:34.727245" elapsed="8.005123"/>
</kw>
<arg>1</arg>
<arg>2</arg>
<arg>3</arg>
<arg>4</arg>
<arg>5</arg>
<arg>6</arg>
<status status="PASS" start="2026-04-24T18:27:28.207900" elapsed="14.525464"/>
</kw>
<kw name="Wait Until Element Is Visible" owner="AppiumLibrary">
<msg time="2026-04-24T18:27:42.892428" level="INFO">xpath criteria: //android.widget.TextView[@text='Home']</msg>
<arg>${HOME_SCREEN}</arg>
<arg>timeout=30s</arg>
<doc>Waits until the element specified by the ``locator`` is visible.</doc>
<status status="PASS" start="2026-04-24T18:27:42.734855" elapsed="0.157678"/>
</kw>
<kw name="Reset To Login Page" owner="common">
<kw name="Navigate To Login Page" owner="common">
<kw name="Run" owner="OperatingSystem">
<msg time="2026-04-24T18:27:42.903758" level="INFO">Running command 'adb -s emulator-5554 shell pm clear com.higala.ruralbanksanantonioitg 2&gt;&amp;1'.</msg>
<arg>adb -s ${DEVICE_NAME} shell pm clear ${APP_PACKAGE}</arg>
<doc>_This keyword is considered deprecated. Use the
[http://robotframework.org/robotframework/latest/libraries/Process.html|
Process] library instead._</doc>
<status status="PASS" start="2026-04-24T18:27:42.893843" elapsed="0.674893"/>
</kw>
<kw name="Run" owner="OperatingSystem">
<msg time="2026-04-24T18:27:43.573207" level="INFO">Running command 'adb -s emulator-5554 shell am force-stop com.higala.ruralbanksanantonioitg 2&gt;&amp;1'.</msg>
<arg>adb -s ${DEVICE_NAME} shell am force-stop ${APP_PACKAGE}</arg>
<doc>_This keyword is considered deprecated. Use the
[http://robotframework.org/robotframework/latest/libraries/Process.html|
Process] library instead._</doc>
<status status="PASS" start="2026-04-24T18:27:43.569691" elapsed="0.154705"/>
</kw>
<kw name="Sleep" owner="BuiltIn">
<msg time="2026-04-24T18:27:46.727250" level="INFO">Slept 3 seconds.</msg>
<arg>3s</arg>
<doc>Pauses the test executed for the given time.</doc>
<status status="PASS" start="2026-04-24T18:27:43.725085" elapsed="3.002399"/>
</kw>
<kw name="Activate Application" owner="AppiumLibrary">
<arg>${APP_PACKAGE}</arg>
<doc>Activates the application if it is not running or is running in the background.</doc>
<status status="PASS" start="2026-04-24T18:27:46.727909" elapsed="0.237084"/>
</kw>
<kw name="Sleep" owner="BuiltIn">
<msg time="2026-04-24T18:28:01.967971" level="INFO">Slept 15 seconds.</msg>
<arg>15s</arg>
<doc>Pauses the test executed for the given time.</doc>
<status status="PASS" start="2026-04-24T18:27:46.965422" elapsed="15.007741"/>
</kw>
<kw name="Wait Until Element Is Visible" owner="AppiumLibrary">
<msg time="2026-04-24T18:28:02.098857" level="INFO">xpath criteria: //*[@content-desc='Sign in']</msg>
<arg>xpath=//*[@content-desc='Sign in']</arg>
<arg>timeout=30s</arg>
<doc>Waits until the element specified by the ``locator`` is visible.</doc>
<status status="PASS" start="2026-04-24T18:28:01.979978" elapsed="0.118999"/>
</kw>
<kw name="Click Element" owner="AppiumLibrary">
<msg time="2026-04-24T18:28:02.102293" level="INFO">Clicking element 'xpath=//*[@content-desc='Sign in']'.</msg>
<msg time="2026-04-24T18:28:02.242474" level="INFO">xpath criteria: //*[@content-desc='Sign in']</msg>
<arg>xpath=//*[@content-desc='Sign in']</arg>
<doc>Clicks the element identified by ``locator``.</doc>
<status status="PASS" start="2026-04-24T18:28:02.099209" elapsed="0.143537"/>
</kw>
<kw name="Wait Until Element Is Visible" owner="AppiumLibrary">
<msg time="2026-04-24T18:28:03.107422" level="INFO">xpath criteria: //android.widget.EditText[@hint='Email Address']
xpath criteria: //android.widget.EditText[@hint='Email Address']</msg>
<arg>xpath=//android.widget.EditText[@hint='Email Address']</arg>
<arg>timeout=15s</arg>
<doc>Waits until the element specified by the ``locator`` is visible.</doc>
<status status="PASS" start="2026-04-24T18:28:02.243003" elapsed="0.864528"/>
</kw>
<status status="PASS" start="2026-04-24T18:27:42.893567" elapsed="20.214158"/>
</kw>
<status status="PASS" start="2026-04-24T18:27:42.892974" elapsed="20.214836"/>
</kw>
<kw name="Input Text" owner="AppiumLibrary">
<msg time="2026-04-24T18:28:03.110891" level="INFO">Typing text 'jjavier+61@nmblr.ai' into text field 'xpath=//android.widget.EditText[@hint='Email Address']'</msg>
<msg time="2026-04-24T18:28:03.707818" level="INFO">xpath criteria: //android.widget.EditText[@hint='Email Address']</msg>
<arg>${EMAIL_FIELD}</arg>
<arg>${VALID_EMAIL_7}</arg>
<doc>Types the given ``text`` into the text field identified by ``locator``.</doc>
<status status="PASS" start="2026-04-24T18:28:03.108038" elapsed="0.599912"/>
</kw>
<kw name="Input Text" owner="AppiumLibrary">
<msg time="2026-04-24T18:28:03.711205" level="INFO">Typing text 'WrongPass@999' into text field 'xpath=//android.widget.EditText[@hint='Password']'</msg>
<msg time="2026-04-24T18:28:04.906995" level="INFO">xpath criteria: //android.widget.EditText[@hint='Password']</msg>
<arg>${PASSWORD_FIELD}</arg>
<arg>${WRONG_PASSWORD}</arg>
<doc>Types the given ``text`` into the text field identified by ``locator``.</doc>
<status status="PASS" start="2026-04-24T18:28:03.708193" elapsed="1.199081"/>
</kw>
<kw name="Click Element" owner="AppiumLibrary">
<msg time="2026-04-24T18:28:04.911242" level="INFO">Clicking element 'accessibility_id=Sign in'.</msg>
<arg>${LOGIN_BUTTON}</arg>
<doc>Clicks the element identified by ``locator``.</doc>
<status status="PASS" start="2026-04-24T18:28:04.907815" elapsed="0.649926"/>
</kw>
<kw name="Wait Until Element Is Visible" owner="AppiumLibrary">
<msg time="2026-04-24T18:28:07.566427" level="INFO">xpath criteria: //android.widget.TextView[contains(@text,'Incorrect') or contains(@text,'incorrect') or contains(@text,'Invalid') or contains(@text,'invalid') or contains(@text,'required') or contains(@text,'error') or contains(@text,'Error')]
xpath criteria: //android.widget.TextView[contains(@text,'Incorrect') or contains(@text,'incorrect') or contains(@text,'Invalid') or contains(@text,'invalid') or contains(@text,'required') or contains(@text,'error') or contains(@text,'Error')]</msg>
<arg>${ERROR_MESSAGE}</arg>
<arg>timeout=10s</arg>
<doc>Waits until the element specified by the ``locator`` is visible.</doc>
<status status="PASS" start="2026-04-24T18:28:05.558043" elapsed="2.008627"/>
</kw>
<kw name="Run Keyword And Return Status" owner="BuiltIn">
<kw name="Expect Element" owner="AppiumLibrary">
<kw name="Capture Screenshot On Failure" owner="common">
<kw name="Run Keyword And Return Status" owner="BuiltIn">
<kw name="Capture Page Screenshot" owner="AppiumLibrary">
[...]
<status status="PASS" start="2026-04-24T18:39:49.533805" elapsed="0.722081"/>
</kw>
<kw name="Sleep" owner="BuiltIn">
<msg time="2026-04-24T18:39:52.259192" level="INFO">Slept 2 seconds.</msg>
<arg>2s</arg>
<doc>Pauses the test executed for the given time.</doc>
<status status="PASS" start="2026-04-24T18:39:50.256144" elapsed="2.003542"/>
</kw>
<var name="${i}">4</var>
<status status="PASS" start="2026-04-24T18:39:47.305382" elapsed="4.954515"/>
</iter>
<var>${i}</var>
<value>5</value>
<status status="PASS" start="2026-04-24T18:39:29.948004" elapsed="22.312180"/>
</for>
<kw name="Element Should Be Visible" owner="AppiumLibrary">
<msg time="2026-04-24T18:39:52.260964" level="WARN">Keyword 'AppiumLibrary.Element Should Be Visible' is deprecated. Use `Expect Element` instead
Verifies that the element identified by ``locator`` is visible.</msg>
<msg time="2026-04-24T18:39:52.361208" level="INFO">xpath criteria: //android.widget.TextView[contains(@text,'blocked') or contains(@text,'locked') or contains(@text,'suspended') or contains(@text,'too many') or contains(@text,'maximum') or contains(@text,'attempts') or contains(@text,'Account') or contains(@text,'temporarily')]</msg>
<arg>${ACCOUNT_BLOCKED_ERROR}</arg>
<doc>*DEPRECATED!!* Use `Expect Element` instead
Verifies that the element identified by ``locator`` is visible.</doc>
<status status="PASS" start="2026-04-24T18:39:52.260854" elapsed="0.100466"/>
</kw>
<kw name="Sleep" owner="BuiltIn">
<msg time="2026-04-24T18:45:02.369315" level="INFO">Slept 5 minutes 10 seconds.</msg>
<arg>310s</arg>
<doc>Pauses the test executed for the given time.</doc>
<status status="PASS" start="2026-04-24T18:39:52.361528" elapsed="310.013892"/>
</kw>
<kw name="Input Text" owner="AppiumLibrary">
<msg time="2026-04-24T18:45:02.381593" level="INFO">Typing text 'jjavier+61@nmblr.ai' into text field 'xpath=//android.widget.EditText[@hint='Email Address']'</msg>
<kw name="Capture Screenshot On Failure" owner="common">
<kw name="Run Keyword And Return Status" owner="BuiltIn">
<kw name="Capture Page Screenshot" owner="AppiumLibrary">
<msg time="2026-04-24T18:45:02.430239" level="FAIL">InvalidSessionIdException: Message: A session is either terminated or not started; For documentation on this error, please visit: https://www.selenium.dev/documentation/webdriver/troubleshooting/errors#invalidsessionidexception
Stacktrace:
NoSuchDriverError: A session is either terminated or not started
    at asyncHandler (/usr/local/lib/node_modules/appium/node_modules/@appium/base-driver/build/lib/protocol/protocol.js:265:23)
    at /usr/local/lib/node_modules/appium/node_modules/@appium/base-driver/build/lib/protocol/protocol.js:419:36
    at Layer.handleRequest (/usr/local/lib/node_modules/appium/node_modules/router/lib/layer.js:152:17)
    at next (/usr/local/lib/node_modules/appium/node_modules/router/lib/route.js:157:13)
    at Route.dispatch (/usr/local/lib/node_modules/appium/node_modules/router/lib/route.js:117:3)
    at handle (/usr/local/lib/node_modules/appium/node_modules/router/index.js:435:11)
    at Layer.handleRequest (/usr/local/lib/node_modules/appium/node_modules/router/lib/layer.js:152:17)
    at /usr/local/lib/node_modules/appium/node_modules/router/index.js:295:15
    at param (/usr/local/lib/node_modules/appium/node_modules/router/index.js:600:14)
    at param (/usr/local/lib/node_modules/appium/node_modules/router/index.js:610:14)
    at processParams (/usr/local/lib/node_modules/appium/node_modules/router/index.js:664:3)
    at next (/usr/local/lib/node_modules/appium/node_modules/router/index.js:291:5)
    at logger (/usr/local/lib/node_modules/appium/node_modules/morgan/index.js:144:5)
    at Layer.handleRequest (/usr/local/lib/node_modules/appium/node_modules/router/lib/layer.js:152:17)
    at trimPrefix (/usr/local/lib/node_modules/appium/node_modules/router/index.js:342:13)
    at /usr/local/lib/node_modules/appium/node_modules/router/index.js:297:9
    at processParams (/usr/local/lib/node_modules/appium/node_modules/router/index.js:582:12)
    at next (/usr/local/lib/node_modules/appium/node_modules/router/index.js:291:5)
    at read (/usr/local/lib/node_modules/appium/node_modules/body-parser/lib/read.js:53:5)
    at jsonParser (/usr/local/lib/node_modules/appium/node_modules/body-parser/lib/types/json.js:88:5)
    at Layer.handleRequest (/usr/local/lib/node_modules/appium/node_modules/router/lib/layer.js:152:17)
    at trimPrefix (/usr/local/lib/node_modules/appium/node_modules/router/index.js:342:13)</msg>
<doc>Takes a screenshot of the current page and embeds it into the log.</doc>
<status status="FAIL" start="2026-04-24T18:45:02.420443" elapsed="0.029019">InvalidSessionIdException: Message: A session is either terminated or not started; For documentation on this error, please visit: https://www.selenium.dev/documentation/webdriver/troubleshooting/errors#invalidsessionidexception
Stacktrace:
NoSuchDriverError: A session is either terminated or not started
    at asyncHandler (/usr/local/lib/node_modules/appium/node_modules/@appium/base-driver/build/lib/protocol/protocol.js:265:23)
    at /usr/local/lib/node_modules/appium/node_modules/@appium/base-driver/build/lib/protocol/protocol.js:419:36
    at Layer.handleRequest (/usr/local/lib/node_modules/appium/node_modules/router/lib/layer.js:152:17)
    at next (/usr/local/lib/node_modules/appium/node_modules/router/lib/route.js:157:13)
    at Route.dispatch (/usr/local/lib/node_modules/appium/node_modules/router/lib/route.js:117:3)
    at handle (/usr/local/lib/node_modules/appium/node_modules/router/index.js:435:11)
    at Layer.handleRequest (/usr/local/lib/node_modules/appium/node_modules/router/lib/layer.js:152:17)
    at /usr/local/lib/node_modules/appium/node_modules/router/index.js:295:...
    [ Message content over the limit has been removed. ]
...ext (/usr/local/lib/node_modules/appium/node_modules/router/index.js:291:5)
    at logger (/usr/local/lib/node_modules/appium/node_modules/morgan/index.js:144:5)
    at Layer.handleRequest (/usr/local/lib/node_modules/appium/node_modules/router/lib/layer.js:152:17)
    at trimPrefix (/usr/local/lib/node_modules/appium/node_modules/router/index.js:342:13)
    at /usr/local/lib/node_modules/appium/node_modules/router/index.js:297:9
    at processParams (/usr/local/lib/node_modules/appium/node_modules/router/index.js:582:12)
    at next (/usr/local/lib/node_modules/appium/node_modules/router/index.js:291:5)
    at read (/usr/local/lib/node_modules/appium/node_modules/body-parser/lib/read.js:53:5)
    at jsonParser (/usr/local/lib/node_modules/appium/node_modules/body-parser/lib/types/json.js:88:5)
    at Layer.handleRequest (/usr/local/lib/node_modules/appium/node_modules/router/lib/layer.js:152:17)
    at trimPrefix (/usr/local/lib/node_modules/appium/node_modules/router/index.js:342:13)</status>
</kw>
<msg time="2026-04-24T18:45:02.450186" level="INFO">${status} = False</msg>
<var>${status}</var>
<arg>Capture Page Screenshot</arg>
<doc>Runs the specified keyword and returns the status as a Boolean value.</doc>
<status status="PASS" start="2026-04-24T18:45:02.417187" elapsed="0.033016"/>
</kw>
<kw name="Run Keyword If" owner="BuiltIn">
<kw name="Log" owner="BuiltIn">
<msg time="2026-04-24T18:45:02.452213" level="WARN">Could not capture screenshot — no active Appium session</msg>
<arg>Could not capture screenshot — no active Appium session</arg>
<arg>WARN</arg>
<doc>Logs the given message with the given level.</doc>
<status status="PASS" start="2026-04-24T18:45:02.451386" elapsed="0.001141"/>
</kw>
<arg>not ${status}</arg>
<arg>Log</arg>
<arg>Could not capture screenshot — no active Appium session</arg>
<arg>WARN</arg>
<doc>Runs the given keyword with the given arguments, if ``condition`` is true.</doc>
<status status="PASS" start="2026-04-24T18:45:02.450300" elapsed="0.002256"/>
</kw>
<status status="PASS" start="2026-04-24T18:45:02.413741" elapsed="0.038845"/>
</kw>
<msg time="2026-04-24T18:45:02.452622" level="INFO">xpath criteria: //android.widget.EditText[@hint='Email Address']</msg>
<msg time="2026-04-24T18:45:02.452695" level="FAIL">InvalidSessionIdException: Message: A session is either terminated or not started; For documentation on this error, please visit: https://www.selenium.dev/documentation/webdriver/troubleshooting/errors#invalidsessionidexception
Stacktrace:
NoSuchDriverError: A session is either terminated or not started
    at asyncHandler (/usr/local/lib/node_modules/appium/node_modules/@appium/base-driver/build/lib/protocol/protocol.js:265:23)
    at /usr/local/lib/node_modules/appium/node_modules/@appium/base-driver/build/lib/protocol/protocol.js:419:36
    at Layer.handleRequest (/usr/local/lib/node_modules/appium/node_modules/router/lib/layer.js:152:17)
    at next (/usr/local/lib/node_modules/appium/node_modules/router/lib/route.js:157:13)
    at Route.dispatch (/usr/local/lib/node_modules/appium/node_modules/router/lib/route.js:117:3)
    at handle (/usr/local/lib/node_modules/appium/node_modules/router/index.js:435:11)
    at Layer.handleRequest (/usr/local/lib/node_modules/appium/node_modules/router/lib/layer.js:152:17)
    at /usr/local/lib/node_modules/appium/node_modules/router/index.js:295:15
    at param (/usr/local/lib/node_modules/appium/node_modules/router/index.js:600:14)
    at param (/usr/local/lib/node_modules/appium/node_modules/router/index.js:610:14)
    at processParams (/usr/local/lib/node_modules/appium/node_modules/router/index.js:664:3)
    at next (/usr/local/lib/node_modules/appium/node_modules/router/index.js:291:5)
    at logger (/usr/local/lib/node_modules/appium/node_modules/morgan/index.js:144:5)
    at Layer.handleRequest (/usr/local/lib/node_modules/appium/node_modules/router/lib/layer.js:152:17)
    at trimPrefix (/usr/local/lib/node_modules/appium/node_modules/router/index.js:342:13)
    at /usr/local/lib/node_modules/appium/node_modules/router/index.js:297:9
    at processParams (/usr/local/lib/node_modules/appium/node_modules/router/index.js:582:12)
    at next (/usr/local/lib/node_modules/appium/node_modules/router/index.js:291:5)
    at /usr/local/lib/node_modules/appium/node_modules/body-parser/lib/read.js:171:5
    at AsyncResource.runInAsyncScope (node:async_hooks:214:14)
    at invokeCallback (/usr/local/lib/node_modules/appium/node_modules/raw-body/index.js:238:16)
    at done (/usr/local/lib/node_modules/appium/node_modules/raw-body/index.js:227:7)</msg>
<arg>${EMAIL_FIELD}</arg>
<arg>${VALID_EMAIL_7}</arg>
<doc>Types the given ``text`` into the text field identified by ``locator``.</doc>
<status status="FAIL" start="2026-04-24T18:45:02.378031" elapsed="0.075411">InvalidSessionIdException: Message: A session is either terminated or not started; For documentation on this error, please visit: https://www.selenium.dev/documentation/webdriver/troubleshooting/errors#invalidsessionidexception
Stacktrace:
NoSuchDriverError: A session is either terminated or not started
    at asyncHandler (/usr/local/lib/node_modules/appium/node_modules/@appium/base-driver/build/lib/protocol/protocol.js:265:23)
    at /usr/local/lib/node_modules/appium/node_modules/@appium/base-driver/build/lib/protocol/protocol.js:419:36
    at Layer.handleRequest (/usr/local/lib/node_modules/appium/node_modules/router/lib/layer.js:152:17)
    at next (/usr/local/lib/node_modules/appium/node_modules/router/lib/route.js:157:13)
    at Route.dispatch (/usr/local/lib/node_modules/appium/node_modules/router/lib/route.js:117:3)
    at handle (/usr/local/lib/node_modules/appium/node_modules/router/index.js:435:11)
    at Layer.handleRequest (/usr/local/lib/node_modules/appium/node_modules/router/lib/layer.js:152:17)
    at /usr/local/lib/node_modules/appium/node_modules/router/index.js:295:...
    [ Message content over the limit has been removed. ]
    at next (/usr/local/lib/node_modules/appium/node_modules/router/index.js:291:5)
    at logger (/usr/local/lib/node_modules/appium/node_modules/morgan/index.js:144:5)
    at Layer.handleRequest (/usr/local/lib/node_modules/appium/node_modules/router/lib/layer.js:152:17)
    at trimPrefix (/usr/local/lib/node_modules/appium/node_modules/router/index.js:342:13)
    at /usr/local/lib/node_modules/appium/node_modules/router/index.js:297:9
    at processParams (/usr/local/lib/node_modules/appium/node_modules/router/index.js:582:12)
    at next (/usr/local/lib/node_modules/appium/node_modules/router/index.js:291:5)
    at /usr/local/lib/node_modules/appium/node_modules/body-parser/lib/read.js:171:5
    at AsyncResource.runInAsyncScope (node:async_hooks:214:14)
    at invokeCallback (/usr/local/lib/node_modules/appium/node_modules/raw-body/index.js:238:16)
    at done (/usr/local/lib/node_modules/appium/node_modules/raw-body/index.js:227:7)</status>
</kw>
<kw name="Input Text" owner="AppiumLibrary">
<arg>${PASSWORD_FIELD}</arg>
<arg>${VALID_PASSWORD}</arg>
<doc>Types the given ``text`` into the text field identified by ``locator``.</doc>
<status status="NOT RUN" start="2026-04-24T18:45:02.453512" elapsed="0.000011"/>
</kw>
<kw name="Click Element" owner="AppiumLibrary">
<arg>${LOGIN_BUTTON}</arg>
<doc>Clicks the element identified by ``locator``.</doc>
<status status="NOT RUN" start="2026-04-24T18:45:02.453563" elapsed="0.000008"/>
</kw>
<kw name="Wait Until Element Is Visible" owner="AppiumLibrary">
<arg>${OTP_SCREEN}</arg>
<arg>timeout=15s</arg>
<doc>Waits until the element specified by the ``locator`` is visible.</doc>
<status status="NOT RUN" start="2026-04-24T18:45:02.454427" elapsed="0.000009"/>
</kw>
<kw name="Element Should Be Visible" owner="AppiumLibrary">
<msg time="2026-04-24T18:45:02.454484" level="WARN">Keyword 'AppiumLibrary.Element Should Be Visible' is deprecated. Use `Expect Element` instead
Verifies that the element identified by ``locator`` is visible.</msg>
<arg>${OTP_SCREEN}</arg>
<doc>*DEPRECATED!!* Use `Expect Element` instead
Verifies that the element identified by ``locator`` is visible.</doc>
<status status="NOT RUN" start="2026-04-24T18:45:02.454474" elapsed="0.000048"/>
</kw>
<kw name="Enter OTP Into Boxes" owner="common">
<arg>1</arg>
<arg>2</arg>
<arg>3</arg>
<arg>4</arg>
<arg>5</arg>
<arg>6</arg>
<arg>post_sleep=5s</arg>
<status status="NOT RUN" start="2026-04-24T18:45:02.454645" elapsed="0.000011"/>
</kw>
<kw name="Wait Until Element Is Visible" owner="AppiumLibrary">
<arg>${HOME_SCREEN}</arg>
<arg>timeout=15s</arg>
<doc>Waits until the element specified by the ``locator`` is visible.</doc>
<status status="NOT RUN" start="2026-04-24T18:45:02.454699" elapsed="0.000007"/>
</kw>
<kw name="Element Should Be Visible" owner="AppiumLibrary">
<msg time="2026-04-24T18:45:02.454750" level="WARN">Keyword 'AppiumLibrary.Element Should Be Visible' is deprecated. Use `Expect Element` instead
Verifies that the element identified by ``locator`` is visible.</msg>
<arg>${HOME_SCREEN}</arg>
<doc>*DEPRECATED!!* Use `Expect Element` instead
Verifies that the element identified by ``locator`` is visible.</doc>
<status status="NOT RUN" start="2026-04-24T18:45:02.454741" elapsed="0.000042"/>
</kw>
<doc>After the 5-minute cooldown expires, the user can log in successfully
with correct credentials and reach the OTP screen.
NOTE: This test waits 5+ minutes.</doc>
<tag>Email</tag>
<tag>Login</tag>
<tag>M2.1</tag>
<tag>M2.1.35</tag>
<tag>OTP</tag>
<tag>Positive</tag>
<tag>Session</tag>
<status status="FAIL" start="2026-04-24T18:39:09.170643" elapsed="353.284680">InvalidSessionIdException: Message: A session is either terminated or not started; For documentation on this error, please visit: https://www.selenium.dev/documentation/webdriver/troubleshooting/errors#invalidsessionidexception
Stacktrace:
NoSuchDriverError: A session is either terminated or not started
    at asyncHandler (/usr/local/lib/node_modules/appium/node_modules/@appium/base-driver/build/lib/protocol/protocol.js:265:23)
    at /usr/local/lib/node_modules/appium/node_modules/@appium/base-driver/build/lib/protocol/protocol.js:419:36
    at Layer.handleRequest (/usr/local/lib/node_modules/appium/node_modules/router/lib/layer.js:152:17)
    at next (/usr/local/lib/node_modules/appium/node_modules/router/lib/route.js:157:13)
    at Route.dispatch (/usr/local/lib/node_modules/appium/node_modules/router/lib/route.js:117:3)
    at handle (/usr/local/lib/node_modules/appium/node_modules/router/index.js:435:11)
    at Layer.handleRequest (/usr/local/lib/node_modules/appium/node_modules/router/lib/layer.js:152:17)
    at /usr/local/lib/node_modules/appium/node_modules/router/index.js:295:...
    [ Message content over the limit has been removed. ]
    at next (/usr/local/lib/node_modules/appium/node_modules/router/index.js:291:5)
    at logger (/usr/local/lib/node_modules/appium/node_modules/morgan/index.js:144:5)
    at Layer.handleRequest (/usr/local/lib/node_modules/appium/node_modules/router/lib/layer.js:152:17)
    at trimPrefix (/usr/local/lib/node_modules/appium/node_modules/router/index.js:342:13)
    at /usr/local/lib/node_modules/appium/node_modules/router/index.js:297:9
    at processParams (/usr/local/lib/node_modules/appium/node_modules/router/index.js:582:12)
    at next (/usr/local/lib/node_modules/appium/node_modules/router/index.js:291:5)
    at /usr/local/lib/node_modules/appium/node_modules/body-parser/lib/read.js:171:5
    at AsyncResource.runInAsyncScope (node:async_hooks:214:14)
    at invokeCallback (/usr/local/lib/node_modules/appium/node_modules/raw-body/index.js:238:16)
    at done (/usr/local/lib/node_modules/appium/node_modules/raw-body/index.js:227:7)</status>
</test>
<status status="FAIL" start="2026-04-24T18:23:03.423868" elapsed="1319.038378"/>
</suite>
<statistics>
<total>
<stat pass="16" fail="1" skip="0">All Tests</stat>
</total>
<tag>
<stat pass="16" fail="1" skip="0">Email</stat>
<stat pass="16" fail="1" skip="0">Login</stat>
<stat pass="16" fail="1" skip="0">M2.1</stat>
<stat pass="0" fail="1" skip="0">M2.1.35</stat>
<stat pass="1" fail="0" skip="0">M2.1.39</stat>
<stat pass="2" fail="0" skip="0">Navigation</stat>
<stat pass="16" fail="1" skip="0">OTP</stat>
<stat pass="16" fail="1" skip="0">Positive</stat>
<stat pass="1" fail="0" skip="0">Security</stat>
<stat pass="1" fail="1" skip="0">Session</stat>
<stat pass="3" fail="0" skip="0">UI</stat>
</tag>
<suite>
<stat name="M2.1 Login Email OTP" id="s1" pass="16" fail="1" skip="0">M2.1 Login Email OTP</stat>
</suite>
</statistics>
<errors>
<msg time="2026-04-24T18:23:03.698469" level="WARN">Could not capture screenshot — no active Appium session</msg>
<msg time="2026-04-24T18:31:42.435282" level="WARN">Keyword 'AppiumLibrary.Element Should Be Visible' is deprecated. Use `Expect Element` instead
Verifies that the element identified by ``locator`` is visible.</msg>
<msg time="2026-04-24T18:32:28.610123" level="WARN">Keyword 'AppiumLibrary.Element Should Be Visible' is deprecated. Use `Expect Element` instead
Verifies that the element identified by ``locator`` is visible.</msg>
<msg time="2026-04-24T18:32:40.996061" level="WARN">Keyword 'AppiumLibrary.Element Should Be Visible' is deprecated. Use `Expect Element` instead
Verifies that the element identified by ``locator`` is visible.</msg>
<msg time="2026-04-24T18:39:52.260964" level="WARN">Keyword 'AppiumLibrary.Element Should Be Visible' is deprecated. Use `Expect Element` instead
Verifies that the element identified by ``locator`` is visible.</msg>
<msg time="2026-04-24T18:45:02.452213" level="WARN">Could not capture screenshot — no active Appium session</msg>
<msg time="2026-04-24T18:45:02.454484" level="WARN">Keyword 'AppiumLibrary.Element Should Be Visible' is deprecated. Use `Expect Element` instead
Verifies that the element identified by ``locator`` is visible.</msg>
<msg time="2026-04-24T18:45:02.454750" level="WARN">Keyword 'AppiumLibrary.Element Should Be Visible' is deprecated. Use `Expect Element` instead
Verifies that the element identified by ``locator`` is visible.</msg>
</errors>
</robot>
