<?xml version="1.0" encoding="UTF-8"?>
<robot generator="Robot 7.4.2 (Python 3.14.3 on darwin)" generated="2026-04-12T15:17:50.730493" rpa="false" schemaversion="5">
<suite id="s1" name="Debug Id Type" source="/Users/jocelynjavier/Higala/Mobile App/debug_id_type.robot">
<test id="s1-t1" name="Debug ID Type Options" line="8">
<kw name="Open Higala App For Signup" owner="common">
<kw name="Run Keyword And Ignore Error" owner="BuiltIn">
<kw name="Close Application" owner="AppiumLibrary">
<kw name="Capture Page Screenshot" owner="AppiumLibrary">
<msg time="2026-04-12T15:17:50.939997" level="FAIL">No application is open</msg>
<doc>Takes a screenshot of the current page and embeds it into the log.</doc>
<status status="FAIL" start="2026-04-12T15:17:50.939906" elapsed="0.005337">No application is open</status>
</kw>
<msg time="2026-04-12T15:17:50.947372" level="WARN">Keyword 'Capture Page Screenshot' could not be run on failure: No application is open</msg>
<msg time="2026-04-12T15:17:50.947510" level="FAIL">No application is open</msg>
<doc>Closes the current application and the webdriver session.</doc>
<status status="FAIL" start="2026-04-12T15:17:50.939813" elapsed="0.008048">No application is open</status>
</kw>
<arg>Close Application</arg>
<doc>Runs the given keyword with the given arguments and ignores possible error.</doc>
<status status="PASS" start="2026-04-12T15:17:50.939596" elapsed="0.008313"/>
</kw>
<kw name="Sleep" owner="BuiltIn">
<msg time="2026-04-12T15:17:52.948612" level="INFO">Slept 2 seconds.</msg>
<arg>2s</arg>
<doc>Pauses the test executed for the given time.</doc>
<status status="PASS" start="2026-04-12T15:17:50.947997" elapsed="2.001039"/>
</kw>
<kw name="Open Application" owner="AppiumLibrary">
<arg>${APPIUM_SERVER}</arg>
<arg>platformName=${PLATFORM}</arg>
<arg>deviceName=${DEVICE_NAME}</arg>
<arg>appPackage=${APP_PACKAGE}</arg>
<arg>appActivity=${APP_ACTIVITY}</arg>
<arg>automationName=UiAutomator2</arg>
<arg>noReset=${True}</arg>
<arg>skipDeviceInitialization=${True}</arg>
<arg>ignoreHiddenApiPolicyError=${True}</arg>
<arg>enforceXPath1=${True}</arg>
<arg>adbExecTimeout=60000</arg>
<arg>uiautomator2ServerLaunchTimeout=120000</arg>
<arg>uiautomator2ServerInstallTimeout=120000</arg>
<arg>newCommandTimeout=300</arg>
<doc>Opens a new application to the given Appium server.
Capabilities of appium server, Android and iOS,
Please check https://appium.io/docs/en/2.19/guides/caps/
| *Option*            | *Man.* | *Description*     |
| remote_url          | Yes    | Appium server url |
| alias               | No     | alias             |</doc>
<status status="PASS" start="2026-04-12T15:17:52.949806" elapsed="6.922093"/>
</kw>
<kw name="Sleep" owner="BuiltIn">
<msg time="2026-04-12T15:18:02.875466" level="INFO">Slept 3 seconds.</msg>
<arg>3s</arg>
<doc>Pauses the test executed for the given time.</doc>
<status status="PASS" start="2026-04-12T15:17:59.872577" elapsed="3.003191"/>
</kw>
<kw name="Start Screen Recording" owner="common">
<kw name="Run Keyword And Ignore Error" owner="BuiltIn">
<kw name="Start Screen Recording" owner="AppiumLibrary">
<arg>timeLimit=1800s</arg>
<doc>Starts an asynchronous Screen Recording for the current open application.</doc>
<status status="PASS" start="2026-04-12T15:18:02.878866" elapsed="0.793087"/>
</kw>
<arg>AppiumLibrary.Start Screen Recording</arg>
<arg>timeLimit=1800s</arg>
<doc>Runs the given keyword with the given arguments and ignores possible error.</doc>
<status status="PASS" start="2026-04-12T15:18:02.877516" elapsed="0.795110"/>
</kw>
<status status="PASS" start="2026-04-12T15:18:02.876583" elapsed="0.796331"/>
</kw>
<kw name="Navigate To Welcome Screen" owner="common">
<kw name="Run" owner="OperatingSystem">
<msg time="2026-04-12T15:18:03.679448" level="INFO">Running command 'adb -s emulator-5554 shell am force-stop com.higala.ruralbanksanantonioitg 2&gt;&amp;1'.</msg>
<arg>adb -s ${DEVICE_NAME} shell am force-stop ${APP_PACKAGE}</arg>
<doc>_This keyword is considered deprecated. Use the
[http://robotframework.org/robotframework/latest/libraries/Process.html|
Process] library instead._</doc>
<status status="PASS" start="2026-04-12T15:18:03.676795" elapsed="0.334520"/>
</kw>
<kw name="Sleep" owner="BuiltIn">
<msg time="2026-04-12T15:18:06.015425" level="INFO">Slept 2 seconds.</msg>
<arg>2s</arg>
<doc>Pauses the test executed for the given time.</doc>
<status status="PASS" start="2026-04-12T15:18:04.012053" elapsed="2.004178"/>
</kw>
<kw name="Activate Application" owner="AppiumLibrary">
<arg>${APP_PACKAGE}</arg>
<doc>Activates the application if it is not running or is running in the background.</doc>
<status status="PASS" start="2026-04-12T15:18:06.017178" elapsed="0.554534"/>
</kw>
<kw name="Sleep" owner="BuiltIn">
<msg time="2026-04-12T15:18:11.577794" level="INFO">Slept 5 seconds.</msg>
<arg>5s</arg>
<doc>Pauses the test executed for the given time.</doc>
<status status="PASS" start="2026-04-12T15:18:06.572034" elapsed="5.007343"/>
</kw>
<kw name="Wait Until Element Is Visible" owner="AppiumLibrary">
<msg time="2026-04-12T15:18:14.268824" level="INFO">xpath criteria: //android.widget.TextView[@text='Sign in']</msg>
<arg>xpath=//android.widget.TextView[@text='Sign in']</arg>
<arg>timeout=15s</arg>
<doc>Waits until the element specified by the ``locator`` is visible.</doc>
<status status="PASS" start="2026-04-12T15:18:11.580927" elapsed="2.689100"/>
</kw>
<status status="PASS" start="2026-04-12T15:18:03.673647" elapsed="10.597524"/>
</kw>
<status status="PASS" start="2026-04-12T15:17:50.939124" elapsed="23.332275"/>
</kw>
<kw name="Navigate To Signup OTP Screen" owner="common">
<kw name="Navigate To Signup Email Screen" owner="common">
<kw name="Wait Until Element Is Visible" owner="AppiumLibrary">
<msg time="2026-04-12T15:18:14.998728" level="INFO">xpath criteria: //*[@text='Get started' or @text='Get Started']</msg>
<arg>xpath=//*[@text='Get started' or @text='Get Started']</arg>
<arg>timeout=10s</arg>
<doc>Waits until the element specified by the ``locator`` is visible.</doc>
<status status="PASS" start="2026-04-12T15:18:14.274082" elapsed="0.724805"/>
</kw>
<kw name="Click Element" owner="AppiumLibrary">
<msg time="2026-04-12T15:18:15.004512" level="INFO">Clicking element 'xpath=//*[@text='Get started' or @text='Get Started']'.</msg>
<msg time="2026-04-12T15:18:15.537296" level="INFO">xpath criteria: //*[@text='Get started' or @text='Get Started']</msg>
<arg>xpath=//*[@text='Get started' or @text='Get Started']</arg>
<doc>Clicks the element identified by ``locator``.</doc>
<status status="PASS" start="2026-04-12T15:18:14.999134" elapsed="0.538430"/>
</kw>
<kw name="Wait Until Element Is Visible" owner="AppiumLibrary">
<msg time="2026-04-12T15:18:16.578719" level="INFO">xpath criteria: //android.widget.EditText
xpath criteria: //android.widget.EditText</msg>
<arg>xpath=//android.widget.EditText</arg>
<arg>timeout=10s</arg>
<doc>Waits until the element specified by the ``locator`` is visible.</doc>
<status status="PASS" start="2026-04-12T15:18:15.537992" elapsed="1.041083"/>
</kw>
<kw name="Sleep" owner="BuiltIn">
<msg time="2026-04-12T15:18:18.583276" level="INFO">Slept 2 seconds.</msg>
<arg>2s</arg>
<doc>Pauses the test executed for the given time.</doc>
<status status="PASS" start="2026-04-12T15:18:16.579577" elapsed="2.006036"/>
</kw>
<status status="PASS" start="2026-04-12T15:18:14.273647" elapsed="4.313012"/>
</kw>
<kw name="Input Text" owner="AppiumLibrary">
<msg time="2026-04-12T15:18:18.596227" level="INFO">Typing text 'jjavier+150@nmblr.ai' into text field 'xpath=//android.widget.EditText'</msg>
<msg time="2026-04-12T15:18:19.304257" level="INFO">xpath criteria: //android.widget.EditText</msg>
<arg>xpath=//android.widget.EditText</arg>
<arg>${email}</arg>
<doc>Types the given ``text`` into the text field identified by ``locator``.</doc>
<status status="PASS" start="2026-04-12T15:18:18.588099" elapsed="0.716359"/>
</kw>
<kw name="Click Element" owner="AppiumLibrary">
<msg time="2026-04-12T15:18:19.309927" level="INFO">Clicking element 'xpath=//*[@text='Next' or @text='Continue']'.</msg>
<msg time="2026-04-12T15:18:20.139317" level="INFO">xpath criteria: //*[@text='Next' or @text='Continue']</msg>
<arg>xpath=//*[@text='Next' or @text='Continue']</arg>
<doc>Clicks the element identified by ``locator``.</doc>
<status status="PASS" start="2026-04-12T15:18:19.304758" elapsed="0.835123"/>
</kw>
<kw name="Wait Until Element Is Visible" owner="AppiumLibrary">
<msg time="2026-04-12T15:18:22.835262" level="INFO">xpath criteria: //android.widget.TextView[@text='OTP Verification']
xpath criteria: //android.widget.TextView[@text='OTP Verification']</msg>
<arg>xpath=//android.widget.TextView[@text='OTP Verification']</arg>
<arg>timeout=15s</arg>
<doc>Waits until the element specified by the ``locator`` is visible.</doc>
<status status="PASS" start="2026-04-12T15:18:20.140133" elapsed="2.696044"/>
</kw>
<kw name="Sleep" owner="BuiltIn">
<msg time="2026-04-12T15:18:24.844979" level="INFO">Slept 2 seconds.</msg>
<arg>2s</arg>
<doc>Pauses the test executed for the given time.</doc>
<status status="PASS" start="2026-04-12T15:18:22.838130" elapsed="2.008123"/>
</kw>
<arg>jjavier+150@nmblr.ai</arg>
<status status="PASS" start="2026-04-12T15:18:14.272747" elapsed="10.574133"/>
</kw>
<kw name="Click Element" owner="AppiumLibrary">
<msg time="2026-04-12T15:18:24.853089" level="INFO">Clicking element 'xpath=(//android.widget.EditText)[1]'.</msg>
<msg time="2026-04-12T15:18:25.956991" level="INFO">xpath criteria: (//android.widget.EditText)[1]</msg>
<arg>xpath=(//android.widget.EditText)[1]</arg>
<doc>Clicks the element identified by ``locator``.</doc>
<status status="PASS" start="2026-04-12T15:18:24.847704" elapsed="1.109452"/>
</kw>
<kw name="Input Text" owner="AppiumLibrary">
<msg time="2026-04-12T15:18:25.961123" level="INFO">Typing text '1' into text field 'xpath=(//android.widget.EditText)[1]'</msg>
<msg time="2026-04-12T15:18:27.422131" level="INFO">xpath criteria: (//android.widget.EditText)[1]</msg>
<arg>xpath=(//android.widget.EditText)[1]</arg>
<arg>1</arg>
<doc>Types the given ``text`` into the text field identified by ``locator``.</doc>
<status status="PASS" start="2026-04-12T15:18:25.957457" elapsed="1.465150"/>
</kw>
<kw name="Input Text" owner="AppiumLibrary">
<msg time="2026-04-12T15:18:27.428303" level="INFO">Typing text '2' into text field 'xpath=(//android.widget.EditText)[2]'</msg>
<msg time="2026-04-12T15:18:28.221102" level="INFO">xpath criteria: (//android.widget.EditText)[2]</msg>
<arg>xpath=(//android.widget.EditText)[2]</arg>
<arg>2</arg>
<doc>Types the given ``text`` into the text field identified by ``locator``.</doc>
<status status="PASS" start="2026-04-12T15:18:27.424199" elapsed="0.797025"/>
</kw>
<kw name="Input Text" owner="AppiumLibrary">
<msg time="2026-04-12T15:18:28.225838" level="INFO">Typing text '3' into text field 'xpath=(//android.widget.EditText)[3]'</msg>
<msg time="2026-04-12T15:18:29.313377" level="INFO">xpath criteria: (//android.widget.EditText)[3]</msg>
<arg>xpath=(//android.widget.EditText)[3]</arg>
<arg>3</arg>
<doc>Types the given ``text`` into the text field identified by ``locator``.</doc>
<status status="PASS" start="2026-04-12T15:18:28.221453" elapsed="1.092662"/>
</kw>
<kw name="Input Text" owner="AppiumLibrary">
<msg time="2026-04-12T15:18:29.317781" level="INFO">Typing text '4' into text field 'xpath=(//android.widget.EditText)[4]'</msg>
<msg time="2026-04-12T15:18:30.406614" level="INFO">xpath criteria: (//android.widget.EditText)[4]</msg>
<arg>xpath=(//android.widget.EditText)[4]</arg>
<arg>4</arg>
<doc>Types the given ``text`` into the text field identified by ``locator``.</doc>
<status status="PASS" start="2026-04-12T15:18:29.314818" elapsed="1.093706"/>
</kw>
<kw name="Input Text" owner="AppiumLibrary">
<msg time="2026-04-12T15:18:30.415094" level="INFO">Typing text '5' into text field 'xpath=(//android.widget.EditText)[5]'</msg>
<msg time="2026-04-12T15:18:31.793943" level="INFO">xpath criteria: (//android.widget.EditText)[5]</msg>
<arg>xpath=(//android.widget.EditText)[5]</arg>
<arg>5</arg>
<doc>Types the given ``text`` into the text field identified by ``locator``.</doc>
<status status="PASS" start="2026-04-12T15:18:30.411085" elapsed="1.383649"/>
</kw>
<kw name="Input Text" owner="AppiumLibrary">
<msg time="2026-04-12T15:18:31.800218" level="INFO">Typing text '6' into text field 'xpath=(//android.widget.EditText)[6]'</msg>
<msg time="2026-04-12T15:18:34.124636" level="INFO">xpath criteria: (//android.widget.EditText)[6]</msg>
<arg>xpath=(//android.widget.EditText)[6]</arg>
<arg>6</arg>
<doc>Types the given ``text`` into the text field identified by ``locator``.</doc>
<status status="PASS" start="2026-04-12T15:18:31.796116" elapsed="2.329774"/>
</kw>
<kw name="Sleep" owner="BuiltIn">
<msg time="2026-04-12T15:18:39.132995" level="INFO">Slept 5 seconds.</msg>
<arg>5s</arg>
<doc>Pauses the test executed for the given time.</doc>
<status status="PASS" start="2026-04-12T15:18:34.127711" elapsed="5.007329"/>
</kw>
<kw name="Wait Until Element Is Visible" owner="AppiumLibrary">
<msg time="2026-04-12T15:18:40.791185" level="INFO">xpath criteria: (//android.widget.CheckBox)[1]</msg>
<arg>${AC_TC_CHECKBOX}</arg>
<arg>timeout=15s</arg>
<doc>Waits until the element specified by the ``locator`` is visible.</doc>
<status status="PASS" start="2026-04-12T15:18:39.137158" elapsed="1.654328"/>
</kw>
<kw name="Click Element" owner="AppiumLibrary">
<msg time="2026-04-12T15:18:40.797538" level="INFO">Clicking element 'xpath=(//android.widget.CheckBox)[1]'.</msg>
<msg time="2026-04-12T15:18:41.293675" level="INFO">xpath criteria: (//android.widget.CheckBox)[1]</msg>
<arg>${AC_TC_CHECKBOX}</arg>
<doc>Clicks the element identified by ``locator``.</doc>
<status status="PASS" start="2026-04-12T15:18:40.791851" elapsed="0.502100"/>
</kw>
<kw name="Sleep" owner="BuiltIn">
<msg time="2026-04-12T15:18:42.295544" level="INFO">Slept 1 second.</msg>
<arg>1s</arg>
<doc>Pauses the test executed for the given time.</doc>
<status status="PASS" start="2026-04-12T15:18:41.294538" elapsed="1.001433"/>
</kw>
<kw name="Click Element" owner="AppiumLibrary">
<msg time="2026-04-12T15:18:42.304315" level="INFO">Clicking element 'xpath=(//android.widget.CheckBox)[2]'.</msg>
<msg time="2026-04-12T15:18:42.495950" level="INFO">xpath criteria: (//android.widget.CheckBox)[2]</msg>
<arg>${AC_PRIVACY_CHECKBOX}</arg>
<doc>Clicks the element identified by ``locator``.</doc>
<status status="PASS" start="2026-04-12T15:18:42.296458" elapsed="0.199732"/>
</kw>
<kw name="Sleep" owner="BuiltIn">
<msg time="2026-04-12T15:18:43.499044" level="INFO">Slept 1 second.</msg>
<arg>1s</arg>
<doc>Pauses the test executed for the given time.</doc>
<status status="PASS" start="2026-04-12T15:18:42.496631" elapsed="1.002567"/>
</kw>
<kw name="Click Element" owner="AppiumLibrary">
<msg time="2026-04-12T15:18:43.504071" level="INFO">Clicking element 'accessibility_id=Next'.</msg>
<arg>${AC_POLICY_NEXT_BTN}</arg>
<doc>Clicks the element identified by ``locator``.</doc>
<status status="PASS" start="2026-04-12T15:18:43.499399" elapsed="0.167722"/>
</kw>
<kw name="Sleep" owner="BuiltIn">
<msg time="2026-04-12T15:18:45.669103" level="INFO">Slept 2 seconds.</msg>
<arg>2s</arg>
<doc>Pauses the test executed for the given time.</doc>
<status status="PASS" start="2026-04-12T15:18:43.667381" elapsed="2.003041"/>
</kw>
<kw name="Wait Until Element Is Visible" owner="AppiumLibrary">
<msg time="2026-04-12T15:18:45.866215" level="INFO">xpath criteria: (//android.widget.EditText)[1]</msg>
<arg>${AC_PD_FIRST_NAME}</arg>
<arg>timeout=15s</arg>
<doc>Waits until the element specified by the ``locator`` is visible.</doc>
<status status="PASS" start="2026-04-12T15:18:45.671790" elapsed="0.194660"/>
</kw>
<kw name="Input Text" owner="AppiumLibrary">
<msg time="2026-04-12T15:18:45.870423" level="INFO">Typing text 'Test' into text field 'xpath=(//android.widget.EditText)[1]'</msg>
<msg time="2026-04-12T15:18:45.963049" level="INFO">xpath criteria: (//android.widget.EditText)[1]</msg>
<arg>${AC_PD_FIRST_NAME}</arg>
<arg>Test</arg>
<doc>Types the given ``text`` into the text field identified by ``locator``.</doc>
<status status="PASS" start="2026-04-12T15:18:45.866739" elapsed="0.096443"/>
</kw>
<kw name="Input Text" owner="AppiumLibrary">
<msg time="2026-04-12T15:18:45.970473" level="INFO">Typing text 'Automation' into text field 'xpath=(//android.widget.EditText)[2]'</msg>
<msg time="2026-04-12T15:18:46.538666" level="INFO">xpath criteria: (//android.widget.EditText)[2]</msg>
<arg>${AC_PD_MIDDLE_NAME}</arg>
<arg>Automation</arg>
<doc>Types the given ``text`` into the text field identified by ``locator``.</doc>
<status status="PASS" start="2026-04-12T15:18:45.963405" elapsed="0.575393"/>
</kw>
<kw name="Input Text" owner="AppiumLibrary">
<msg time="2026-04-12T15:18:46.541062" level="INFO">Typing text 'User' into text field 'xpath=(//android.widget.EditText)[3]'</msg>
<msg time="2026-04-12T15:18:47.066380" level="INFO">xpath criteria: (//android.widget.EditText)[3]</msg>
<arg>${AC_PD_LAST_NAME}</arg>
<arg>User</arg>
<doc>Types the given ``text`` into the text field identified by ``locator``.</doc>
<status status="PASS" start="2026-04-12T15:18:46.539021" elapsed="0.527446"/>
</kw>
<kw name="Click Element" owner="AppiumLibrary">
<msg time="2026-04-12T15:18:47.070464" level="INFO">Clicking element 'accessibility_id=Select Gender'.</msg>
<arg>${AC_PD_GENDER_SELECT}</arg>
<doc>Clicks the element identified by ``locator``.</doc>
<status status="PASS" start="2026-04-12T15:18:47.066611" elapsed="0.650100"/>
</kw>
<kw name="Sleep" owner="BuiltIn">
<msg time="2026-04-12T15:18:49.720743" level="INFO">Slept 2 seconds.</msg>
<arg>2s</arg>
<doc>Pauses the test executed for the given time.</doc>
<status status="PASS" start="2026-04-12T15:18:47.716947" elapsed="2.010961"/>
</kw>
<kw name="Wait Until Element Is Visible" owner="AppiumLibrary">
<msg time="2026-04-12T15:18:49.908743" level="INFO">xpath criteria: //*[@text='Male']</msg>
<arg>${AC_PD_GENDER_MALE}</arg>
<arg>timeout=10s</arg>
<doc>Waits until the element specified by the ``locator`` is visible.</doc>
<status status="PASS" start="2026-04-12T15:18:49.731541" elapsed="0.177331"/>
</kw>
<kw name="Click Element" owner="AppiumLibrary">
<msg time="2026-04-12T15:18:49.913933" level="INFO">Clicking element 'xpath=//*[@text='Male']'.</msg>
<msg time="2026-04-12T15:18:50.014281" level="INFO">xpath criteria: //*[@text='Male']</msg>
<arg>${AC_PD_GENDER_MALE}</arg>
<doc>Clicks the element identified by ``locator``.</doc>
<status status="PASS" start="2026-04-12T15:18:49.909192" elapsed="0.105208"/>
</kw>
<kw name="Sleep" owner="BuiltIn">
<msg time="2026-04-12T15:18:51.017641" level="INFO">Slept 1 second.</msg>
<arg>1s</arg>
<doc>Pauses the test executed for the given time.</doc>
<status status="PASS" start="2026-04-12T15:18:50.014662" elapsed="1.003794"/>
</kw>
<kw name="Swipe By Percent" owner="AppiumLibrary">
<arg>50</arg>
<arg>70</arg>
<arg>50</arg>
<arg>40</arg>
<doc>Swipes from one percent of the screen to another percent, for an optional ``duration``.
Normal swipe fails to scale for different screen resolutions, this can be avoided by using this keyword.</doc>
<status status="PASS" start="2026-04-12T15:18:51.018997" elapsed="1.398420"/>
</kw>
<kw name="Sleep" owner="BuiltIn">
<msg time="2026-04-12T15:18:53.421550" level="INFO">Slept 1 second.</msg>
<arg>1s</arg>
<doc>Pauses the test executed for the given time.</doc>
<status status="PASS" start="2026-04-12T15:18:52.418666" elapsed="1.003635"/>
</kw>
<kw name="Click Element" owner="AppiumLibrary">
<msg time="2026-04-12T15:18:53.428586" level="INFO">Clicking element 'xpath=//android.widget.EditText[@hint='mm/dd/yyyy']'.</msg>
<msg time="2026-04-12T15:18:53.617973" level="INFO">xpath criteria: //android.widget.EditText[@hint='mm/dd/yyyy']</msg>
<arg>${AC_PD_DOB_FIELD}</arg>
<doc>Clicks the element identified by ``locator``.</doc>
<status status="PASS" start="2026-04-12T15:18:53.423179" elapsed="0.194869"/>
</kw>
<kw name="Sleep" owner="BuiltIn">
<msg time="2026-04-12T15:18:56.621500" level="INFO">Slept 3 seconds.</msg>
<arg>3s</arg>
<doc>Pauses the test executed for the given time.</doc>
<status status="PASS" start="2026-04-12T15:18:53.618173" elapsed="3.004204"/>
</kw>
<kw name="Wait Until Element Is Visible" owner="AppiumLibrary">
<msg time="2026-04-12T15:18:56.770109" level="INFO">xpath criteria: //*[@text='OK']</msg>
<arg>${AC_PD_DOB_OK}</arg>
<arg>timeout=15s</arg>
<doc>Waits until the element specified by the ``locator`` is visible.</doc>
<status status="PASS" start="2026-04-12T15:18:56.623271" elapsed="0.146899"/>
</kw>
<kw name="Click Element" owner="AppiumLibrary">
<msg time="2026-04-12T15:18:56.773091" level="INFO">Clicking element 'xpath=//*[@text='OK']'.</msg>
<msg time="2026-04-12T15:18:56.884371" level="INFO">xpath criteria: //*[@text='OK']</msg>
<arg>${AC_PD_DOB_OK}</arg>
<doc>Clicks the element identified by ``locator``.</doc>
<status status="PASS" start="2026-04-12T15:18:56.770293" elapsed="0.114139"/>
</kw>
<kw name="Sleep" owner="BuiltIn">
<msg time="2026-04-12T15:18:58.886300" level="INFO">Slept 2 seconds.</msg>
<arg>2s</arg>
<doc>Pauses the test executed for the given time.</doc>
<status status="PASS" start="2026-04-12T15:18:56.884532" elapsed="2.003239"/>
</kw>
<kw name="Swipe By Percent" owner="AppiumLibrary">
<arg>50</arg>
<arg>80</arg>
<arg>50</arg>
<arg>20</arg>
<doc>Swipes from one percent of the screen to another percent, for an optional ``duration``.
Normal swipe fails to scale for different screen resolutions, this can be avoided by using this keyword.</doc>
<status status="PASS" start="2026-04-12T15:18:58.889303" elapsed="1.374494"/>
</kw>
<kw name="Sleep" owner="BuiltIn">
<msg time="2026-04-12T15:19:01.272066" level="INFO">Slept 1 second.</msg>
<arg>1s</arg>
<doc>Pauses the test executed for the given time.</doc>
<status status="PASS" start="2026-04-12T15:19:00.264367" elapsed="1.007963"/>
</kw>
<kw name="Input Text" owner="AppiumLibrary">
<msg time="2026-04-12T15:19:01.280906" level="INFO">Typing text '9123456789' into text field 'xpath=//android.widget.Button[@content-desc='+63']/following-sibling::android.widget.EditText[1]'</msg>
<msg time="2026-04-12T15:19:01.464498" level="INFO">xpath criteria: //android.widget.Button[@content-desc='+63']/following-sibling::android.widget.EditText[1]</msg>
<arg>${AC_PD_MOBILE}</arg>
<arg>9123456789</arg>
<doc>Types the given ``text`` into the text field identified by ``locator``.</doc>
<status status="PASS" start="2026-04-12T15:19:01.272660" elapsed="0.192035"/>
</kw>
<kw name="Sleep" owner="BuiltIn">
<msg time="2026-04-12T15:19:02.467629" level="INFO">Slept 1 second.</msg>
<arg>1s</arg>
<doc>Pauses the test executed for the given time.</doc>
<status status="PASS" start="2026-04-12T15:19:01.464998" elapsed="1.002944"/>
</kw>
<kw name="Click Element" owner="AppiumLibrary">
<msg time="2026-04-12T15:19:02.476231" level="INFO">Clicking element 'accessibility_id=Next'.</msg>
<arg>${AC_PD_NEXT_BTN}</arg>
<doc>Clicks the element identified by ``locator``.</doc>
<status status="PASS" start="2026-04-12T15:19:02.468413" elapsed="0.303353"/>
</kw>
<kw name="Wait Until Element Is Visible" owner="AppiumLibrary">
<msg time="2026-04-12T15:19:04.159442" level="INFO">xpath criteria: //android.widget.TextView[@text='Verify your identity']
xpath criteria: //android.widget.TextView[@text='Verify your identity']</msg>
<arg>${AC_VI_SCREEN}</arg>
<arg>timeout=15s</arg>
<doc>Waits until the element specified by the ``locator`` is visible.</doc>
<status status="PASS" start="2026-04-12T15:19:02.772159" elapsed="1.387344"/>
</kw>
<kw name="Sleep" owner="BuiltIn">
<msg time="2026-04-12T15:19:05.162865" level="INFO">Slept 1 second.</msg>
<arg>1s</arg>
<doc>Pauses the test executed for the given time.</doc>
<status status="PASS" start="2026-04-12T15:19:04.159613" elapsed="1.004610"/>
</kw>
<kw name="Click Element" owner="AppiumLibrary">
<msg time="2026-04-12T15:19:05.172371" level="INFO">Clicking element 'accessibility_id=Select ID type'.</msg>
<arg>accessibility_id=Select ID type</arg>
<doc>Clicks the element identified by ``locator``.</doc>
<status status="PASS" start="2026-04-12T15:19:05.168836" elapsed="0.296031"/>
</kw>
<kw name="Sleep" owner="BuiltIn">
<msg time="2026-04-12T15:19:08.466697" level="INFO">Slept 3 seconds.</msg>
<arg>3s</arg>
<doc>Pauses the test executed for the given time.</doc>
<status status="PASS" start="2026-04-12T15:19:05.464996" elapsed="3.003349"/>
</kw>
<kw name="Get Source" owner="AppiumLibrary">
<msg time="2026-04-12T15:19:08.681450" level="INFO">${source} = &lt;?xml version='1.0' encoding='UTF-8' standalone='yes' ?&gt;
&lt;hierarchy index="0" class="hierarchy" rotation="0" width="1080" height="2400"&gt;
  &lt;android.widget.FrameLayout index="0" package="com.higala.r...</msg>
<var>${source}</var>
<doc>Returns the entire source of the current page.</doc>
<status status="PASS" start="2026-04-12T15:19:08.471086" elapsed="0.210398"/>
</kw>
<kw name="Create File" owner="OperatingSystem">
<msg time="2026-04-12T15:19:08.682421" level="INFO" html="true">Created file '&lt;a href="file:///tmp/screen_id_type.xml"&gt;/tmp/screen_id_type.xml&lt;/a&gt;'.</msg>
<arg>/tmp/screen_id_type.xml</arg>
<arg>${source}</arg>
<doc>Creates a file with the given content and encoding.</doc>
<status status="PASS" start="2026-04-12T15:19:08.681606" elapsed="0.000860"/>
</kw>
<kw name="Close Application" owner="AppiumLibrary">
<doc>Closes the current application and the webdriver session.</doc>
<status status="PASS" start="2026-04-12T15:19:08.682534" elapsed="0.436069"/>
</kw>
<status status="PASS" start="2026-04-12T15:17:50.938648" elapsed="78.180286"/>
</test>
<status status="PASS" start="2026-04-12T15:17:50.731202" elapsed="78.388906"/>
</suite>
<statistics>
<total>
<stat pass="1" fail="0" skip="0">All Tests</stat>
</total>
<tag>
</tag>
<suite>
<stat name="Debug Id Type" id="s1" pass="1" fail="0" skip="0">Debug Id Type</stat>
</suite>
</statistics>
<errors>
<msg time="2026-04-12T15:17:50.947372" level="WARN">Keyword 'Capture Page Screenshot' could not be run on failure: No application is open</msg>
</errors>
</robot>
